{"/Users/idrisfabiyi/Documents/FabMacDev/ATTIY/backend/src/app.ts": {"path":"/Users/idrisfabiyi/Documents/FabMacDev/ATTIY/backend/src/app.ts","statementMap":{"0":{"start":{"line":1,"column":0},"end":{"line":1,"column":30}},"1":{"start":{"line":2,"column":0},"end":{"line":2,"column":24}},"2":{"start":{"line":3,"column":0},"end":{"line":3,"column":32}},"3":{"start":{"line":4,"column":0},"end":{"line":4,"column":46}},"4":{"start":{"line":5,"column":0},"end":{"line":5,"column":43}},"5":{"start":{"line":6,"column":0},"end":{"line":6,"column":57}},"6":{"start":{"line":7,"column":0},"end":{"line":7,"column":52}},"7":{"start":{"line":8,"column":0},"end":{"line":8,"column":67}},"8":{"start":{"line":9,"column":0},"end":{"line":9,"column":39}},"9":{"start":{"line":10,"column":0},"end":{"line":10,"column":39}},"10":{"start":{"line":11,"column":0},"end":{"line":11,"column":43}},"11":{"start":{"line":12,"column":0},"end":{"line":12,"column":39}},"12":{"start":{"line":13,"column":0},"end":{"line":13,"column":41}},"13":{"start":{"line":14,"column":0},"end":{"line":14,"column":50}},"14":{"start":{"line":15,"column":0},"end":{"line":15,"column":40}},"15":{"start":{"line":18,"column":0},"end":{"line":18,"column":9}},"16":{"start":{"line":21,"column":12},"end":{"line":21,"column":25}},"17":{"start":{"line":53,"column":14},"end":{"line":53,"column":17}},"18":{"start":{"line":24,"column":12},"end":{"line":24,"column":21}},"19":{"start":{"line":53,"column":9},"end":{"line":53,"column":12}},"20":{"start":{"line":27,"column":13},"end":{"line":27,"column":41}},"21":{"start":{"line":30,"column":0},"end":{"line":30,"column":16}},"22":{"start":{"line":31,"column":0},"end":{"line":31,"column":24}},"23":{"start":{"line":32,"column":0},"end":{"line":32,"column":73}},"24":{"start":{"line":33,"column":0},"end":{"line":33,"column":28}},"25":{"start":{"line":36,"column":0},"end":{"line":36,"column":68}},"26":{"start":{"line":39,"column":0},"end":{"line":41,"column":3}},"27":{"start":{"line":40,"column":2},"end":{"line":40,"column":66}},"28":{"start":{"line":44,"column":0},"end":{"line":44,"column":33}},"29":{"start":{"line":45,"column":0},"end":{"line":45,"column":34}},"30":{"start":{"line":46,"column":0},"end":{"line":46,"column":35}},"31":{"start":{"line":47,"column":0},"end":{"line":47,"column":34}},"32":{"start":{"line":48,"column":0},"end":{"line":48,"column":36}},"33":{"start":{"line":51,"column":0},"end":{"line":51,"column":22}}},"fnMap":{"0":{"name":"(anonymous_1)","decl":{"start":{"line":39,"column":19},"end":{"line":39,"column":20}},"loc":{"start":{"line":39,"column":32},"end":{"line":41,"column":1}}}},"branchMap":{"0":{"loc":{"start":{"line":32,"column":8},"end":{"line":32,"column":71}},"type":"cond-expr","locations":[{"start":{"line":32,"column":49},"end":{"line":32,"column":58}},{"start":{"line":32,"column":61},"end":{"line":32,"column":71}}]}},"s":{"0":3,"1":3,"2":3,"3":3,"4":3,"5":3,"6":3,"7":3,"8":3,"9":3,"10":3,"11":3,"12":3,"13":3,"14":3,"15":3,"16":3,"17":3,"18":3,"19":3,"20":3,"21":3,"22":3,"23":3,"24":3,"25":3,"26":3,"27":0,"28":3,"29":3,"30":3,"31":3,"32":3,"33":3},"f":{"0":0},"b":{"0":[0,3]}}
,"/Users/idrisfabiyi/Documents/FabMacDev/ATTIY/backend/src/db.ts": {"path":"/Users/idrisfabiyi/Documents/FabMacDev/ATTIY/backend/src/db.ts","statementMap":{"0":{"start":{"line":1,"column":0},"end":{"line":1,"column":46}},"1":{"start":{"line":2,"column":0},"end":{"line":2,"column":62}},"2":{"start":{"line":4,"column":13},"end":{"line":4,"column":68}}},"fnMap":{},"branchMap":{},"s":{"0":3,"1":3,"2":3},"f":{},"b":{}}
,"/Users/idrisfabiyi/Documents/FabMacDev/ATTIY/backend/src/swagger.ts": {"path":"/Users/idrisfabiyi/Documents/FabMacDev/ATTIY/backend/src/swagger.ts","statementMap":{"0":{"start":{"line":1,"column":0},"end":{"line":1,"column":41}},"1":{"start":{"line":3,"column":16},"end":{"line":33,"column":2}},"2":{"start":{"line":35,"column":13},"end":{"line":35,"column":49}}},"fnMap":{},"branchMap":{"0":{"loc":{"start":{"line":13,"column":13},"end":{"line":13,"column":59}},"type":"binary-expr","locations":[{"start":{"line":13,"column":13},"end":{"line":13,"column":32}},{"start":{"line":13,"column":36},"end":{"line":13,"column":59}}]}},"s":{"0":3,"1":3,"2":3},"f":{},"b":{"0":[3,0]}}
,"/Users/idrisfabiyi/Documents/FabMacDev/ATTIY/backend/src/controllers/auth.controller.ts": {"path":"/Users/idrisfabiyi/Documents/FabMacDev/ATTIY/backend/src/controllers/auth.controller.ts","statementMap":{"0":{"start":{"line":2,"column":0},"end":{"line":2,"column":28}},"1":{"start":{"line":3,"column":0},"end":{"line":3,"column":48}},"2":{"start":{"line":4,"column":0},"end":{"line":4,"column":31}},"3":{"start":{"line":5,"column":0},"end":{"line":5,"column":43}},"4":{"start":{"line":7,"column":0},"end":{"line":7,"column":43}},"5":{"start":{"line":8,"column":0},"end":{"line":8,"column":28}},"6":{"start":{"line":12,"column":38},"end":{"line":12,"column":46}},"7":{"start":{"line":14,"column":25},"end":{"line":16,"column":6}},"8":{"start":{"line":18,"column":4},"end":{"line":20,"column":5}},"9":{"start":{"line":19,"column":6},"end":{"line":19,"column":54}},"10":{"start":{"line":22,"column":27},"end":{"line":22,"column":58}},"11":{"start":{"line":23,"column":17},"end":{"line":34,"column":6}},"12":{"start":{"line":36,"column":4},"end":{"line":36,"column":38}},"13":{"start":{"line":40,"column":32},"end":{"line":40,"column":40}},"14":{"start":{"line":42,"column":17},"end":{"line":44,"column":6}},"15":{"start":{"line":46,"column":4},"end":{"line":48,"column":5}},"16":{"start":{"line":47,"column":6},"end":{"line":47,"column":53}},"17":{"start":{"line":50,"column":28},"end":{"line":50,"column":73}},"18":{"start":{"line":51,"column":4},"end":{"line":53,"column":5}},"19":{"start":{"line":52,"column":6},"end":{"line":52,"column":53}},"20":{"start":{"line":55,"column":22},"end":{"line":55,"column":44}},"21":{"start":{"line":56,"column":4},"end":{"line":58,"column":5}},"22":{"start":{"line":57,"column":6},"end":{"line":57,"column":59}},"23":{"start":{"line":60,"column":37},"end":{"line":62,"column":6}},"24":{"start":{"line":64,"column":18},"end":{"line":67,"column":null}},"25":{"start":{"line":70,"column":4},"end":{"line":77,"column":7}},"26":{"start":{"line":81,"column":4},"end":{"line":107,"column":5}},"27":{"start":{"line":82,"column":24},"end":{"line":82,"column":34}},"28":{"start":{"line":84,"column":19},"end":{"line":89,"column":8}},"29":{"start":{"line":91,"column":6},"end":{"line":93,"column":7}},"30":{"start":{"line":92,"column":8},"end":{"line":92,"column":73}},"31":{"start":{"line":95,"column":6},"end":{"line":102,"column":9}},"32":{"start":{"line":104,"column":6},"end":{"line":104,"column":59}},"33":{"start":{"line":106,"column":6},"end":{"line":106,"column":18}},"34":{"start":{"line":111,"column":4},"end":{"line":143,"column":5}},"35":{"start":{"line":112,"column":24},"end":{"line":112,"column":32}},"36":{"start":{"line":114,"column":19},"end":{"line":114,"column":69}},"37":{"start":{"line":115,"column":6},"end":{"line":119,"column":7}},"38":{"start":{"line":117,"column":8},"end":{"line":117,"column":91}},"39":{"start":{"line":118,"column":8},"end":{"line":118,"column":15}},"40":{"start":{"line":121,"column":25},"end":{"line":121,"column":63}},"41":{"start":{"line":122,"column":32},"end":{"line":122,"column":73}},"42":{"start":{"line":124,"column":6},"end":{"line":130,"column":9}},"43":{"start":{"line":132,"column":23},"end":{"line":132,"column":76}},"44":{"start":{"line":133,"column":6},"end":{"line":138,"column":9}},"45":{"start":{"line":140,"column":6},"end":{"line":140,"column":89}},"46":{"start":{"line":142,"column":6},"end":{"line":142,"column":18}},"47":{"start":{"line":147,"column":4},"end":{"line":175,"column":5}},"48":{"start":{"line":148,"column":37},"end":{"line":148,"column":45}},"49":{"start":{"line":150,"column":19},"end":{"line":155,"column":8}},"50":{"start":{"line":157,"column":6},"end":{"line":159,"column":7}},"51":{"start":{"line":158,"column":8},"end":{"line":158,"column":66}},"52":{"start":{"line":161,"column":29},"end":{"line":161,"column":63}},"53":{"start":{"line":163,"column":6},"end":{"line":170,"column":9}},"54":{"start":{"line":172,"column":6},"end":{"line":172,"column":57}},"55":{"start":{"line":174,"column":6},"end":{"line":174,"column":18}},"56":{"start":{"line":179,"column":4},"end":{"line":181,"column":5}},"57":{"start":{"line":180,"column":6},"end":{"line":180,"column":51}},"58":{"start":{"line":183,"column":45},"end":{"line":183,"column":53}},"59":{"start":{"line":185,"column":17},"end":{"line":187,"column":6}},"60":{"start":{"line":189,"column":4},"end":{"line":191,"column":5}},"61":{"start":{"line":190,"column":6},"end":{"line":190,"column":48}},"62":{"start":{"line":193,"column":28},"end":{"line":193,"column":80}},"63":{"start":{"line":194,"column":4},"end":{"line":196,"column":5}},"64":{"start":{"line":195,"column":6},"end":{"line":195,"column":63}},"65":{"start":{"line":198,"column":27},"end":{"line":198,"column":61}},"66":{"start":{"line":199,"column":4},"end":{"line":202,"column":7}},"67":{"start":{"line":204,"column":4},"end":{"line":204,"column":66}},"68":{"start":{"line":208,"column":4},"end":{"line":210,"column":5}},"69":{"start":{"line":209,"column":6},"end":{"line":209,"column":51}},"70":{"start":{"line":212,"column":17},"end":{"line":219,"column":6}},"71":{"start":{"line":221,"column":4},"end":{"line":223,"column":5}},"72":{"start":{"line":222,"column":6},"end":{"line":222,"column":48}},"73":{"start":{"line":225,"column":4},"end":{"line":225,"column":26}},"74":{"start":{"line":229,"column":4},"end":{"line":231,"column":5}},"75":{"start":{"line":230,"column":6},"end":{"line":230,"column":51}},"76":{"start":{"line":233,"column":4},"end":{"line":235,"column":7}},"77":{"start":{"line":237,"column":4},"end":{"line":237,"column":65}},"78":{"start":{"line":10,"column":0},"end":{"line":10,"column":13}}},"fnMap":{"0":{"name":"(anonymous_1)","decl":{"start":{"line":11,"column":2},"end":{"line":11,"column":8}},"loc":{"start":{"line":11,"column":64},"end":{"line":37,"column":3}}},"1":{"name":"(anonymous_2)","decl":{"start":{"line":39,"column":2},"end":{"line":39,"column":8}},"loc":{"start":{"line":39,"column":61},"end":{"line":78,"column":3}}},"2":{"name":"(anonymous_3)","decl":{"start":{"line":80,"column":2},"end":{"line":80,"column":8}},"loc":{"start":{"line":80,"column":74},"end":{"line":108,"column":3}}},"3":{"name":"(anonymous_4)","decl":{"start":{"line":110,"column":2},"end":{"line":110,"column":8}},"loc":{"start":{"line":110,"column":83},"end":{"line":144,"column":3}}},"4":{"name":"(anonymous_5)","decl":{"start":{"line":146,"column":2},"end":{"line":146,"column":8}},"loc":{"start":{"line":146,"column":76},"end":{"line":176,"column":3}}},"5":{"name":"(anonymous_6)","decl":{"start":{"line":178,"column":2},"end":{"line":178,"column":8}},"loc":{"start":{"line":178,"column":70},"end":{"line":205,"column":3}}},"6":{"name":"(anonymous_7)","decl":{"start":{"line":207,"column":2},"end":{"line":207,"column":8}},"loc":{"start":{"line":207,"column":58},"end":{"line":226,"column":3}}},"7":{"name":"(anonymous_8)","decl":{"start":{"line":228,"column":2},"end":{"line":228,"column":8}},"loc":{"start":{"line":228,"column":69},"end":{"line":238,"column":3}}}},"branchMap":{"0":{"loc":{"start":{"line":18,"column":4},"end":{"line":20,"column":5}},"type":"if","locations":[{"start":{"line":18,"column":4},"end":{"line":20,"column":5}}]},"1":{"loc":{"start":{"line":46,"column":4},"end":{"line":48,"column":5}},"type":"if","locations":[{"start":{"line":46,"column":4},"end":{"line":48,"column":5}}]},"2":{"loc":{"start":{"line":51,"column":4},"end":{"line":53,"column":5}},"type":"if","locations":[{"start":{"line":51,"column":4},"end":{"line":53,"column":5}}]},"3":{"loc":{"start":{"line":56,"column":4},"end":{"line":58,"column":5}},"type":"if","locations":[{"start":{"line":56,"column":4},"end":{"line":58,"column":5}}]},"4":{"loc":{"start":{"line":61,"column":26},"end":{"line":61,"column":64}},"type":"binary-expr","locations":[{"start":{"line":61,"column":26},"end":{"line":61,"column":52}},{"start":{"line":61,"column":56},"end":{"line":61,"column":64}}]},"5":{"loc":{"start":{"line":91,"column":6},"end":{"line":93,"column":7}},"type":"if","locations":[{"start":{"line":91,"column":6},"end":{"line":93,"column":7}}]},"6":{"loc":{"start":{"line":115,"column":6},"end":{"line":119,"column":7}},"type":"if","locations":[{"start":{"line":115,"column":6},"end":{"line":119,"column":7}}]},"7":{"loc":{"start":{"line":157,"column":6},"end":{"line":159,"column":7}},"type":"if","locations":[{"start":{"line":157,"column":6},"end":{"line":159,"column":7}}]},"8":{"loc":{"start":{"line":179,"column":4},"end":{"line":181,"column":5}},"type":"if","locations":[{"start":{"line":179,"column":4},"end":{"line":181,"column":5}}]},"9":{"loc":{"start":{"line":189,"column":4},"end":{"line":191,"column":5}},"type":"if","locations":[{"start":{"line":189,"column":4},"end":{"line":191,"column":5}}]},"10":{"loc":{"start":{"line":194,"column":4},"end":{"line":196,"column":5}},"type":"if","locations":[{"start":{"line":194,"column":4},"end":{"line":196,"column":5}}]},"11":{"loc":{"start":{"line":208,"column":4},"end":{"line":210,"column":5}},"type":"if","locations":[{"start":{"line":208,"column":4},"end":{"line":210,"column":5}}]},"12":{"loc":{"start":{"line":221,"column":4},"end":{"line":223,"column":5}},"type":"if","locations":[{"start":{"line":221,"column":4},"end":{"line":223,"column":5}}]},"13":{"loc":{"start":{"line":229,"column":4},"end":{"line":231,"column":5}},"type":"if","locations":[{"start":{"line":229,"column":4},"end":{"line":231,"column":5}}]}},"s":{"0":3,"1":3,"2":3,"3":3,"4":3,"5":3,"6":2,"7":2,"8":2,"9":1,"10":1,"11":1,"12":1,"13":3,"14":3,"15":3,"16":1,"17":2,"18":2,"19":1,"20":1,"21":1,"22":0,"23":1,"24":1,"25":1,"26":0,"27":0,"28":0,"29":0,"30":0,"31":0,"32":0,"33":0,"34":2,"35":2,"36":2,"37":2,"38":1,"39":1,"40":1,"41":1,"42":1,"43":1,"44":1,"45":1,"46":0,"47":0,"48":0,"49":0,"50":0,"51":0,"52":0,"53":0,"54":0,"55":0,"56":0,"57":0,"58":0,"59":0,"60":0,"61":0,"62":0,"63":0,"64":0,"65":0,"66":0,"67":0,"68":0,"69":0,"70":0,"71":0,"72":0,"73":0,"74":0,"75":0,"76":0,"77":0,"78":3},"f":{"0":2,"1":3,"2":0,"3":2,"4":0,"5":0,"6":0,"7":0},"b":{"0":[1],"1":[1],"2":[1],"3":[0],"4":[1,0],"5":[0],"6":[1],"7":[0],"8":[0],"9":[0],"10":[0],"11":[0],"12":[0],"13":[0]}}
,"/Users/idrisfabiyi/Documents/FabMacDev/ATTIY/backend/src/controllers/user.controller.ts": {"path":"/Users/idrisfabiyi/Documents/FabMacDev/ATTIY/backend/src/controllers/user.controller.ts","statementMap":{"0":{"start":{"line":2,"column":0},"end":{"line":2,"column":31}},"1":{"start":{"line":4,"column":0},"end":{"line":4,"column":43}},"2":{"start":{"line":8,"column":4},"end":{"line":42,"column":5}},"3":{"start":{"line":9,"column":21},"end":{"line":9,"column":33}},"4":{"start":{"line":11,"column":19},"end":{"line":33,"column":8}},"5":{"start":{"line":35,"column":6},"end":{"line":37,"column":7}},"6":{"start":{"line":36,"column":8},"end":{"line":36,"column":50}},"7":{"start":{"line":39,"column":6},"end":{"line":39,"column":21}},"8":{"start":{"line":41,"column":6},"end":{"line":41,"column":18}},"9":{"start":{"line":46,"column":4},"end":{"line":85,"column":5}},"10":{"start":{"line":47,"column":21},"end":{"line":47,"column":33}},"11":{"start":{"line":48,"column":30},"end":{"line":48,"column":38}},"12":{"start":{"line":51,"column":6},"end":{"line":62,"column":7}},"13":{"start":{"line":52,"column":29},"end":{"line":57,"column":10}},"14":{"start":{"line":59,"column":8},"end":{"line":61,"column":9}},"15":{"start":{"line":60,"column":10},"end":{"line":60,"column":58}},"16":{"start":{"line":64,"column":26},"end":{"line":80,"column":8}},"17":{"start":{"line":82,"column":6},"end":{"line":82,"column":28}},"18":{"start":{"line":84,"column":6},"end":{"line":84,"column":18}},"19":{"start":{"line":6,"column":0},"end":{"line":6,"column":13}}},"fnMap":{"0":{"name":"(anonymous_0)","decl":{"start":{"line":7,"column":2},"end":{"line":7,"column":8}},"loc":{"start":{"line":7,"column":86},"end":{"line":43,"column":3}}},"1":{"name":"(anonymous_1)","decl":{"start":{"line":45,"column":2},"end":{"line":45,"column":8}},"loc":{"start":{"line":45,"column":89},"end":{"line":86,"column":3}}}},"branchMap":{"0":{"loc":{"start":{"line":35,"column":6},"end":{"line":37,"column":7}},"type":"if","locations":[{"start":{"line":35,"column":6},"end":{"line":37,"column":7}}]},"1":{"loc":{"start":{"line":51,"column":6},"end":{"line":62,"column":7}},"type":"if","locations":[{"start":{"line":51,"column":6},"end":{"line":62,"column":7}}]},"2":{"loc":{"start":{"line":59,"column":8},"end":{"line":61,"column":9}},"type":"if","locations":[{"start":{"line":59,"column":8},"end":{"line":61,"column":9}}]},"3":{"loc":{"start":{"line":67,"column":16},"end":{"line":67,"column":33}},"type":"binary-expr","locations":[{"start":{"line":67,"column":16},"end":{"line":67,"column":20}},{"start":{"line":67,"column":24},"end":{"line":67,"column":33}}]},"4":{"loc":{"start":{"line":68,"column":17},"end":{"line":68,"column":35}},"type":"binary-expr","locations":[{"start":{"line":68,"column":17},"end":{"line":68,"column":22}},{"start":{"line":68,"column":26},"end":{"line":68,"column":35}}]},"5":{"loc":{"start":{"line":70,"column":25},"end":{"line":70,"column":50}},"type":"cond-expr","locations":[{"start":{"line":70,"column":33},"end":{"line":70,"column":38}},{"start":{"line":70,"column":41},"end":{"line":70,"column":50}}]}},"s":{"0":3,"1":3,"2":1,"3":1,"4":1,"5":1,"6":0,"7":1,"8":0,"9":3,"10":3,"11":3,"12":3,"13":2,"14":2,"15":1,"16":2,"17":2,"18":1,"19":3},"f":{"0":1,"1":3},"b":{"0":[0],"1":[2],"2":[1],"3":[2,1],"4":[2,1],"5":[1,1]}}
,"/Users/idrisfabiyi/Documents/FabMacDev/ATTIY/backend/src/middleware/auth.ts": {"path":"/Users/idrisfabiyi/Documents/FabMacDev/ATTIY/backend/src/middleware/auth.ts","statementMap":{"0":{"start":{"line":2,"column":0},"end":{"line":2,"column":31}},"1":{"start":{"line":3,"column":0},"end":{"line":3,"column":31}},"2":{"start":{"line":4,"column":0},"end":{"line":4,"column":43}},"3":{"start":{"line":7,"column":31},"end":{"line":45,"column":1}},"4":{"start":{"line":12,"column":2},"end":{"line":44,"column":3}},"5":{"start":{"line":13,"column":23},"end":{"line":13,"column":48}},"6":{"start":{"line":14,"column":4},"end":{"line":16,"column":5}},"7":{"start":{"line":15,"column":6},"end":{"line":15,"column":51}},"8":{"start":{"line":18,"column":18},"end":{"line":18,"column":42}},"9":{"start":{"line":19,"column":22},"end":{"line":19,"column":44}},"10":{"start":{"line":20,"column":4},"end":{"line":22,"column":5}},"11":{"start":{"line":21,"column":6},"end":{"line":21,"column":59}},"12":{"start":{"line":24,"column":20},"end":{"line":24,"column":62}},"13":{"start":{"line":27,"column":17},"end":{"line":30,"column":6}},"14":{"start":{"line":32,"column":4},"end":{"line":34,"column":5}},"15":{"start":{"line":33,"column":6},"end":{"line":33,"column":48}},"16":{"start":{"line":36,"column":4},"end":{"line":36,"column":23}},"17":{"start":{"line":37,"column":4},"end":{"line":37,"column":11}},"18":{"start":{"line":39,"column":4},"end":{"line":43,"column":5}},"19":{"start":{"line":40,"column":6},"end":{"line":40,"column":47}},"20":{"start":{"line":42,"column":6},"end":{"line":42,"column":18}},"21":{"start":{"line":7,"column":13},"end":{"line":7,"column":31}},"22":{"start":{"line":47,"column":34},"end":{"line":73,"column":1}},"23":{"start":{"line":52,"column":2},"end":{"line":72,"column":3}},"24":{"start":{"line":53,"column":23},"end":{"line":53,"column":33}},"25":{"start":{"line":54,"column":4},"end":{"line":56,"column":5}},"26":{"start":{"line":55,"column":6},"end":{"line":55,"column":57}},"27":{"start":{"line":58,"column":23},"end":{"line":63,"column":6}},"28":{"start":{"line":65,"column":4},"end":{"line":67,"column":5}},"29":{"start":{"line":66,"column":6},"end":{"line":66,"column":47}},"30":{"start":{"line":69,"column":4},"end":{"line":69,"column":11}},"31":{"start":{"line":71,"column":4},"end":{"line":71,"column":16}},"32":{"start":{"line":47,"column":13},"end":{"line":47,"column":34}}},"fnMap":{"0":{"name":"(anonymous_1)","decl":{"start":{"line":7,"column":31},"end":{"line":7,"column":36}},"loc":{"start":{"line":11,"column":19},"end":{"line":45,"column":1}}},"1":{"name":"(anonymous_2)","decl":{"start":{"line":47,"column":34},"end":{"line":47,"column":39}},"loc":{"start":{"line":51,"column":19},"end":{"line":73,"column":1}}}},"branchMap":{"0":{"loc":{"start":{"line":14,"column":4},"end":{"line":16,"column":5}},"type":"if","locations":[{"start":{"line":14,"column":4},"end":{"line":16,"column":5}}]},"1":{"loc":{"start":{"line":20,"column":4},"end":{"line":22,"column":5}},"type":"if","locations":[{"start":{"line":20,"column":4},"end":{"line":22,"column":5}}]},"2":{"loc":{"start":{"line":32,"column":4},"end":{"line":34,"column":5}},"type":"if","locations":[{"start":{"line":32,"column":4},"end":{"line":34,"column":5}}]},"3":{"loc":{"start":{"line":39,"column":4},"end":{"line":43,"column":5}},"type":"if","locations":[{"start":{"line":39,"column":4},"end":{"line":43,"column":5}},{"start":{"line":41,"column":11},"end":{"line":43,"column":5}}]},"4":{"loc":{"start":{"line":54,"column":4},"end":{"line":56,"column":5}},"type":"if","locations":[{"start":{"line":54,"column":4},"end":{"line":56,"column":5}}]},"5":{"loc":{"start":{"line":65,"column":4},"end":{"line":67,"column":5}},"type":"if","locations":[{"start":{"line":65,"column":4},"end":{"line":67,"column":5}}]}},"s":{"0":3,"1":3,"2":3,"3":3,"4":43,"5":43,"6":43,"7":2,"8":41,"9":41,"10":41,"11":0,"12":41,"13":40,"14":40,"15":0,"16":40,"17":40,"18":3,"19":1,"20":2,"21":3,"22":3,"23":12,"24":12,"25":12,"26":0,"27":12,"28":12,"29":1,"30":11,"31":1,"32":3},"f":{"0":43,"1":12},"b":{"0":[2],"1":[0],"2":[0],"3":[1,2],"4":[0],"5":[1]}}
,"/Users/idrisfabiyi/Documents/FabMacDev/ATTIY/backend/src/middleware/errorHandler.ts": {"path":"/Users/idrisfabiyi/Documents/FabMacDev/ATTIY/backend/src/middleware/errorHandler.ts","statementMap":{"0":{"start":{"line":2,"column":0},"end":{"line":2,"column":43}},"1":{"start":{"line":4,"column":28},"end":{"line":30,"column":1}},"2":{"start":{"line":10,"column":2},"end":{"line":21,"column":3}},"3":{"start":{"line":11,"column":26},"end":{"line":14,"column":6}},"4":{"start":{"line":16,"column":4},"end":{"line":18,"column":5}},"5":{"start":{"line":17,"column":6},"end":{"line":17,"column":40}},"6":{"start":{"line":20,"column":4},"end":{"line":20,"column":53}},"7":{"start":{"line":24,"column":2},"end":{"line":24,"column":42}},"8":{"start":{"line":26,"column":2},"end":{"line":29,"column":5}},"9":{"start":{"line":4,"column":13},"end":{"line":4,"column":28}}},"fnMap":{"0":{"name":"(anonymous_0)","decl":{"start":{"line":4,"column":28},"end":{"line":4,"column":null}},"loc":{"start":{"line":9,"column":4},"end":{"line":30,"column":1}}}},"branchMap":{"0":{"loc":{"start":{"line":10,"column":2},"end":{"line":21,"column":3}},"type":"if","locations":[{"start":{"line":10,"column":2},"end":{"line":21,"column":3}}]},"1":{"loc":{"start":{"line":13,"column":14},"end":{"line":13,"column":35}},"type":"binary-expr","locations":[{"start":{"line":13,"column":14},"end":{"line":13,"column":24}},{"start":{"line":13,"column":28},"end":{"line":13,"column":35}}]},"2":{"loc":{"start":{"line":16,"column":4},"end":{"line":18,"column":5}},"type":"if","locations":[{"start":{"line":16,"column":4},"end":{"line":18,"column":5}}]}},"s":{"0":3,"1":3,"2":19,"3":19,"4":19,"5":5,"6":19,"7":0,"8":0,"9":3},"f":{"0":19},"b":{"0":[19],"1":[19,0],"2":[5]}}
,"/Users/idrisfabiyi/Documents/FabMacDev/ATTIY/backend/src/middleware/rateLimit.ts": {"path":"/Users/idrisfabiyi/Documents/FabMacDev/ATTIY/backend/src/middleware/rateLimit.ts","statementMap":{"0":{"start":{"line":1,"column":0},"end":{"line":1,"column":43}},"1":{"start":{"line":2,"column":0},"end":{"line":2,"column":43}},"2":{"start":{"line":4,"column":13},"end":{"line":16,"column":3}},"3":{"start":{"line":12,"column":4},"end":{"line":12,"column":73}}},"fnMap":{"0":{"name":"(anonymous_1)","decl":{"start":{"line":11,"column":11},"end":{"line":11,"column":12}},"loc":{"start":{"line":11,"column":39},"end":{"line":13,"column":3}}}},"branchMap":{"0":{"loc":{"start":{"line":5,"column":21},"end":{"line":5,"column":65}},"type":"binary-expr","locations":[{"start":{"line":5,"column":21},"end":{"line":5,"column":53}},{"start":{"line":5,"column":57},"end":{"line":5,"column":65}}]},"1":{"loc":{"start":{"line":6,"column":16},"end":{"line":6,"column":60}},"type":"binary-expr","locations":[{"start":{"line":6,"column":16},"end":{"line":6,"column":51}},{"start":{"line":6,"column":55},"end":{"line":6,"column":60}}]}},"s":{"0":3,"1":3,"2":3,"3":0},"f":{"0":0},"b":{"0":[3,0],"1":[3,0]}}
,"/Users/idrisfabiyi/Documents/FabMacDev/ATTIY/backend/src/middleware/requestLogger.ts": {"path":"/Users/idrisfabiyi/Documents/FabMacDev/ATTIY/backend/src/middleware/requestLogger.ts","statementMap":{"0":{"start":{"line":2,"column":0},"end":{"line":2,"column":46}},"1":{"start":{"line":3,"column":0},"end":{"line":3,"column":26}},"2":{"start":{"line":6,"column":0},"end":{"line":14,"column":3}},"3":{"start":{"line":7,"column":24},"end":{"line":7,"column":55}},"4":{"start":{"line":8,"column":15},"end":{"line":8,"column":37}},"5":{"start":{"line":9,"column":13},"end":{"line":9,"column":63}},"6":{"start":{"line":11,"column":2},"end":{"line":11,"column":46}},"7":{"start":{"line":11,"column":16},"end":{"line":11,"column":46}},"8":{"start":{"line":12,"column":2},"end":{"line":12,"column":47}},"9":{"start":{"line":12,"column":16},"end":{"line":12,"column":47}},"10":{"start":{"line":13,"column":2},"end":{"line":13,"column":30}},"11":{"start":{"line":17,"column":0},"end":{"line":25,"column":3}},"12":{"start":{"line":18,"column":17},"end":{"line":18,"column":31}},"13":{"start":{"line":19,"column":16},"end":{"line":22,"column":49}},"14":{"start":{"line":24,"column":2},"end":{"line":24,"column":41}},"15":{"start":{"line":28,"column":13},"end":{"line":37,"column":3}},"16":{"start":{"line":29,"column":2},"end":{"line":36,"column":14}},"17":{"start":{"line":40,"column":13},"end":{"line":40,"column":88}}},"fnMap":{"0":{"name":"(anonymous_1)","decl":{"start":{"line":6,"column":38},"end":{"line":6,"column":39}},"loc":{"start":{"line":6,"column":70},"end":{"line":14,"column":1}}},"1":{"name":"(anonymous_2)","decl":{"start":{"line":17,"column":31},"end":{"line":17,"column":32}},"loc":{"start":{"line":17,"column":63},"end":{"line":25,"column":1}}},"2":{"name":"(anonymous_3)","decl":{"start":{"line":28,"column":51},"end":{"line":28,"column":52}},"loc":{"start":{"line":28,"column":72},"end":{"line":37,"column":1}}}},"branchMap":{"0":{"loc":{"start":{"line":9,"column":13},"end":{"line":9,"column":63}},"type":"cond-expr","locations":[{"start":{"line":9,"column":40},"end":{"line":9,"column":56}},{"start":{"line":9,"column":59},"end":{"line":9,"column":63}}]},"1":{"loc":{"start":{"line":11,"column":2},"end":{"line":11,"column":46}},"type":"if","locations":[{"start":{"line":11,"column":2},"end":{"line":11,"column":46}}]},"2":{"loc":{"start":{"line":12,"column":2},"end":{"line":12,"column":47}},"type":"if","locations":[{"start":{"line":12,"column":2},"end":{"line":12,"column":47}}]},"3":{"loc":{"start":{"line":19,"column":16},"end":{"line":22,"column":49}},"type":"cond-expr","locations":[{"start":{"line":19,"column":32},"end":{"line":19,"column":37}},{"start":{"line":20,"column":16},"end":{"line":22,"column":49}}]},"4":{"loc":{"start":{"line":20,"column":16},"end":{"line":22,"column":49}},"type":"cond-expr","locations":[{"start":{"line":20,"column":32},"end":{"line":20,"column":40}},{"start":{"line":21,"column":16},"end":{"line":22,"column":49}}]},"5":{"loc":{"start":{"line":21,"column":16},"end":{"line":22,"column":49}},"type":"cond-expr","locations":[{"start":{"line":21,"column":32},"end":{"line":21,"column":38}},{"start":{"line":22,"column":16},"end":{"line":22,"column":49}}]},"6":{"loc":{"start":{"line":22,"column":16},"end":{"line":22,"column":49}},"type":"cond-expr","locations":[{"start":{"line":22,"column":32},"end":{"line":22,"column":39}},{"start":{"line":22,"column":42},"end":{"line":22,"column":49}}]}},"s":{"0":3,"1":3,"2":3,"3":0,"4":0,"5":0,"6":0,"7":0,"8":0,"9":0,"10":0,"11":3,"12":0,"13":0,"14":0,"15":3,"16":0,"17":3},"f":{"0":0,"1":0,"2":0},"b":{"0":[0,0],"1":[0],"2":[0],"3":[0,0],"4":[0,0],"5":[0,0],"6":[0,0]}}
,"/Users/idrisfabiyi/Documents/FabMacDev/ATTIY/backend/src/middleware/validateRequest.ts": {"path":"/Users/idrisfabiyi/Documents/FabMacDev/ATTIY/backend/src/middleware/validateRequest.ts","statementMap":{"0":{"start":{"line":2,"column":0},"end":{"line":2,"column":53}},"1":{"start":{"line":3,"column":0},"end":{"line":3,"column":43}},"2":{"start":{"line":5,"column":31},"end":{"line":16,"column":1}},"3":{"start":{"line":10,"column":17},"end":{"line":10,"column":38}},"4":{"start":{"line":11,"column":2},"end":{"line":14,"column":3}},"5":{"start":{"line":12,"column":26},"end":{"line":12,"column":60}},"6":{"start":{"line":12,"column":52},"end":{"line":12,"column":59}},"7":{"start":{"line":13,"column":4},"end":{"line":13,"column":73}},"8":{"start":{"line":15,"column":2},"end":{"line":15,"column":9}},"9":{"start":{"line":5,"column":13},"end":{"line":5,"column":31}}},"fnMap":{"0":{"name":"(anonymous_0)","decl":{"start":{"line":5,"column":31},"end":{"line":5,"column":null}},"loc":{"start":{"line":9,"column":4},"end":{"line":16,"column":1}}},"1":{"name":"(anonymous_1)","decl":{"start":{"line":12,"column":45},"end":{"line":12,"column":48}},"loc":{"start":{"line":12,"column":52},"end":{"line":12,"column":59}}}},"branchMap":{"0":{"loc":{"start":{"line":11,"column":2},"end":{"line":14,"column":3}},"type":"if","locations":[{"start":{"line":11,"column":2},"end":{"line":14,"column":3}}]}},"s":{"0":3,"1":3,"2":3,"3":43,"4":43,"5":5,"6":5,"7":5,"8":38,"9":3},"f":{"0":43,"1":5},"b":{"0":[5]}}
,"/Users/idrisfabiyi/Documents/FabMacDev/ATTIY/backend/src/middleware/validateZod.ts": {"path":"/Users/idrisfabiyi/Documents/FabMacDev/ATTIY/backend/src/middleware/validateZod.ts","statementMap":{"0":{"start":{"line":2,"column":0},"end":{"line":2,"column":45}},"1":{"start":{"line":3,"column":0},"end":{"line":3,"column":43}},"2":{"start":{"line":5,"column":27},"end":{"line":24,"column":1}},"3":{"start":{"line":5,"column":53},"end":{"line":24,"column":1}},"4":{"start":{"line":10,"column":2},"end":{"line":23,"column":3}},"5":{"start":{"line":11,"column":4},"end":{"line":15,"column":7}},"6":{"start":{"line":16,"column":4},"end":{"line":16,"column":18}},"7":{"start":{"line":18,"column":4},"end":{"line":21,"column":5}},"8":{"start":{"line":19,"column":21},"end":{"line":19,"column":53}},"9":{"start":{"line":19,"column":43},"end":{"line":19,"column":52}},"10":{"start":{"line":20,"column":6},"end":{"line":20,"column":53}},"11":{"start":{"line":22,"column":4},"end":{"line":22,"column":16}},"12":{"start":{"line":5,"column":13},"end":{"line":5,"column":27}}},"fnMap":{"0":{"name":"(anonymous_0)","decl":{"start":{"line":5,"column":27},"end":{"line":5,"column":28}},"loc":{"start":{"line":5,"column":53},"end":{"line":24,"column":1}}},"1":{"name":"(anonymous_1)","decl":{"start":{"line":5,"column":53},"end":{"line":5,"column":58}},"loc":{"start":{"line":9,"column":4},"end":{"line":24,"column":1}}},"2":{"name":"(anonymous_2)","decl":{"start":{"line":19,"column":38},"end":{"line":19,"column":39}},"loc":{"start":{"line":19,"column":43},"end":{"line":19,"column":52}}}},"branchMap":{"0":{"loc":{"start":{"line":18,"column":4},"end":{"line":21,"column":5}},"type":"if","locations":[{"start":{"line":18,"column":4},"end":{"line":21,"column":5}}]}},"s":{"0":3,"1":3,"2":3,"3":9,"4":0,"5":0,"6":0,"7":0,"8":0,"9":0,"10":0,"11":0,"12":3},"f":{"0":9,"1":0,"2":0},"b":{"0":[0]}}
,"/Users/idrisfabiyi/Documents/FabMacDev/ATTIY/backend/src/middleware/validation.ts": {"path":"/Users/idrisfabiyi/Documents/FabMacDev/ATTIY/backend/src/middleware/validation.ts","statementMap":{"0":{"start":{"line":2,"column":0},"end":{"line":2,"column":53}},"1":{"start":{"line":3,"column":0},"end":{"line":3,"column":43}},"2":{"start":{"line":5,"column":31},"end":{"line":12,"column":1}},"3":{"start":{"line":6,"column":17},"end":{"line":6,"column":38}},"4":{"start":{"line":7,"column":2},"end":{"line":10,"column":3}},"5":{"start":{"line":8,"column":21},"end":{"line":8,"column":55}},"6":{"start":{"line":8,"column":47},"end":{"line":8,"column":54}},"7":{"start":{"line":9,"column":4},"end":{"line":9,"column":49}},"8":{"start":{"line":11,"column":2},"end":{"line":11,"column":9}},"9":{"start":{"line":5,"column":13},"end":{"line":5,"column":31}}},"fnMap":{"0":{"name":"(anonymous_0)","decl":{"start":{"line":5,"column":31},"end":{"line":5,"column":32}},"loc":{"start":{"line":5,"column":83},"end":{"line":12,"column":1}}},"1":{"name":"(anonymous_1)","decl":{"start":{"line":8,"column":40},"end":{"line":8,"column":43}},"loc":{"start":{"line":8,"column":47},"end":{"line":8,"column":54}}}},"branchMap":{"0":{"loc":{"start":{"line":7,"column":2},"end":{"line":10,"column":3}},"type":"if","locations":[{"start":{"line":7,"column":2},"end":{"line":10,"column":3}}]}},"s":{"0":3,"1":3,"2":3,"3":0,"4":0,"5":0,"6":0,"7":0,"8":0,"9":3},"f":{"0":0,"1":0},"b":{"0":[0]}}
,"/Users/idrisfabiyi/Documents/FabMacDev/ATTIY/backend/src/routes/apiKey.ts": {"path":"/Users/idrisfabiyi/Documents/FabMacDev/ATTIY/backend/src/routes/apiKey.ts","statementMap":{"0":{"start":{"line":1,"column":0},"end":{"line":1,"column":57}},"1":{"start":{"line":2,"column":0},"end":{"line":2,"column":41}},"2":{"start":{"line":3,"column":0},"end":{"line":3,"column":32}},"3":{"start":{"line":4,"column":0},"end":{"line":4,"column":59}},"4":{"start":{"line":5,"column":0},"end":{"line":5,"column":53}},"5":{"start":{"line":6,"column":0},"end":{"line":6,"column":52}},"6":{"start":{"line":7,"column":0},"end":{"line":7,"column":43}},"7":{"start":{"line":11,"column":15},"end":{"line":11,"column":23}},"8":{"start":{"line":14,"column":0},"end":{"line":60,"column":2}},"9":{"start":{"line":24,"column":4},"end":{"line":58,"column":5}},"10":{"start":{"line":25,"column":39},"end":{"line":25,"column":47}},"11":{"start":{"line":26,"column":21},"end":{"line":26,"column":33}},"12":{"start":{"line":29,"column":6},"end":{"line":36,"column":7}},"13":{"start":{"line":30,"column":28},"end":{"line":32,"column":10}},"14":{"start":{"line":33,"column":8},"end":{"line":35,"column":9}},"15":{"start":{"line":34,"column":10},"end":{"line":34,"column":94}},"16":{"start":{"line":38,"column":27},"end":{"line":38,"column":48}},"17":{"start":{"line":40,"column":24},"end":{"line":53,"column":8}},"18":{"start":{"line":55,"column":6},"end":{"line":55,"column":38}},"19":{"start":{"line":57,"column":6},"end":{"line":57,"column":18}},"20":{"start":{"line":63,"column":0},"end":{"line":81,"column":3}},"21":{"start":{"line":64,"column":2},"end":{"line":80,"column":3}},"22":{"start":{"line":65,"column":19},"end":{"line":65,"column":31}},"23":{"start":{"line":67,"column":20},"end":{"line":75,"column":6}},"24":{"start":{"line":77,"column":4},"end":{"line":77,"column":22}},"25":{"start":{"line":79,"column":4},"end":{"line":79,"column":16}},"26":{"start":{"line":84,"column":0},"end":{"line":105,"column":3}},"27":{"start":{"line":85,"column":2},"end":{"line":104,"column":3}},"28":{"start":{"line":86,"column":19},"end":{"line":86,"column":31}},"29":{"start":{"line":87,"column":18},"end":{"line":87,"column":31}},"30":{"start":{"line":89,"column":19},"end":{"line":91,"column":6}},"31":{"start":{"line":93,"column":4},"end":{"line":95,"column":5}},"32":{"start":{"line":94,"column":6},"end":{"line":94,"column":51}},"33":{"start":{"line":97,"column":4},"end":{"line":99,"column":7}},"34":{"start":{"line":101,"column":4},"end":{"line":101,"column":58}},"35":{"start":{"line":103,"column":4},"end":{"line":103,"column":16}},"36":{"start":{"line":108,"column":0},"end":{"line":156,"column":2}},"37":{"start":{"line":114,"column":4},"end":{"line":154,"column":5}},"38":{"start":{"line":115,"column":21},"end":{"line":115,"column":33}},"39":{"start":{"line":116,"column":20},"end":{"line":116,"column":33}},"40":{"start":{"line":117,"column":23},"end":{"line":117,"column":31}},"41":{"start":{"line":119,"column":26},"end":{"line":121,"column":8}},"42":{"start":{"line":123,"column":6},"end":{"line":125,"column":7}},"43":{"start":{"line":124,"column":8},"end":{"line":124,"column":53}},"44":{"start":{"line":127,"column":27},"end":{"line":134,"column":8}},"45":{"start":{"line":136,"column":6},"end":{"line":138,"column":7}},"46":{"start":{"line":137,"column":8},"end":{"line":137,"column":92}},"47":{"start":{"line":140,"column":25},"end":{"line":149,"column":8}},"48":{"start":{"line":151,"column":6},"end":{"line":151,"column":27}},"49":{"start":{"line":153,"column":6},"end":{"line":153,"column":18}},"50":{"start":{"line":158,"column":0},"end":{"line":158,"column":22}}},"fnMap":{"0":{"name":"(anonymous_0)","decl":{"start":{"line":23,"column":2},"end":{"line":23,"column":7}},"loc":{"start":{"line":23,"column":73},"end":{"line":59,"column":3}}},"1":{"name":"(anonymous_1)","decl":{"start":{"line":63,"column":33},"end":{"line":63,"column":38}},"loc":{"start":{"line":63,"column":104},"end":{"line":81,"column":1}}},"2":{"name":"(anonymous_2)","decl":{"start":{"line":84,"column":39},"end":{"line":84,"column":44}},"loc":{"start":{"line":84,"column":110},"end":{"line":105,"column":1}}},"3":{"name":"(anonymous_3)","decl":{"start":{"line":113,"column":2},"end":{"line":113,"column":7}},"loc":{"start":{"line":113,"column":73},"end":{"line":155,"column":3}}}},"branchMap":{"0":{"loc":{"start":{"line":29,"column":6},"end":{"line":36,"column":7}},"type":"if","locations":[{"start":{"line":29,"column":6},"end":{"line":36,"column":7}}]},"1":{"loc":{"start":{"line":33,"column":8},"end":{"line":35,"column":9}},"type":"if","locations":[{"start":{"line":33,"column":8},"end":{"line":35,"column":9}}]},"2":{"loc":{"start":{"line":93,"column":4},"end":{"line":95,"column":5}},"type":"if","locations":[{"start":{"line":93,"column":4},"end":{"line":95,"column":5}}]},"3":{"loc":{"start":{"line":123,"column":6},"end":{"line":125,"column":7}},"type":"if","locations":[{"start":{"line":123,"column":6},"end":{"line":125,"column":7}}]},"4":{"loc":{"start":{"line":136,"column":6},"end":{"line":138,"column":7}},"type":"if","locations":[{"start":{"line":136,"column":6},"end":{"line":138,"column":7}}]}},"s":{"0":3,"1":3,"2":3,"3":3,"4":3,"5":3,"6":3,"7":3,"8":3,"9":0,"10":0,"11":0,"12":0,"13":0,"14":0,"15":0,"16":0,"17":0,"18":0,"19":0,"20":3,"21":0,"22":0,"23":0,"24":0,"25":0,"26":3,"27":0,"28":0,"29":0,"30":0,"31":0,"32":0,"33":0,"34":0,"35":0,"36":3,"37":0,"38":0,"39":0,"40":0,"41":0,"42":0,"43":0,"44":0,"45":0,"46":0,"47":0,"48":0,"49":0,"50":3},"f":{"0":0,"1":0,"2":0,"3":0},"b":{"0":[0],"1":[0],"2":[0],"3":[0],"4":[0]}}
,"/Users/idrisfabiyi/Documents/FabMacDev/ATTIY/backend/src/routes/auth.ts": {"path":"/Users/idrisfabiyi/Documents/FabMacDev/ATTIY/backend/src/routes/auth.ts","statementMap":{"0":{"start":{"line":1,"column":0},"end":{"line":1,"column":66}},"1":{"start":{"line":2,"column":0},"end":{"line":2,"column":41}},"2":{"start":{"line":3,"column":0},"end":{"line":3,"column":64}},"3":{"start":{"line":4,"column":0},"end":{"line":4,"column":53}},"4":{"start":{"line":5,"column":0},"end":{"line":5,"column":64}},"5":{"start":{"line":8,"column":15},"end":{"line":8,"column":23}},"6":{"start":{"line":11,"column":27},"end":{"line":18,"column":2}},"7":{"start":{"line":20,"column":24},"end":{"line":24,"column":2}},"8":{"start":{"line":26,"column":39},"end":{"line":29,"column":2}},"9":{"start":{"line":31,"column":32},"end":{"line":35,"column":2}},"10":{"start":{"line":37,"column":33},"end":{"line":43,"column":2}},"11":{"start":{"line":45,"column":32},"end":{"line":48,"column":2}},"12":{"start":{"line":51,"column":0},"end":{"line":53,"column":3}},"13":{"start":{"line":52,"column":2},"end":{"line":52,"column":72}},"14":{"start":{"line":55,"column":0},"end":{"line":57,"column":3}},"15":{"start":{"line":56,"column":2},"end":{"line":56,"column":69}},"16":{"start":{"line":60,"column":0},"end":{"line":62,"column":3}},"17":{"start":{"line":61,"column":2},"end":{"line":61,"column":66}},"18":{"start":{"line":65,"column":0},"end":{"line":65,"column":63}},"19":{"start":{"line":68,"column":0},"end":{"line":68,"column":101}},"20":{"start":{"line":69,"column":0},"end":{"line":69,"column":86}},"21":{"start":{"line":70,"column":0},"end":{"line":77,"column":2}},"22":{"start":{"line":75,"column":4},"end":{"line":75,"column":80}},"23":{"start":{"line":80,"column":0},"end":{"line":87,"column":2}},"24":{"start":{"line":85,"column":4},"end":{"line":85,"column":79}},"25":{"start":{"line":89,"column":0},"end":{"line":89,"column":22}}},"fnMap":{"0":{"name":"(anonymous_0)","decl":{"start":{"line":51,"column":45},"end":{"line":51,"column":46}},"loc":{"start":{"line":51,"column":97},"end":{"line":53,"column":1}}},"1":{"name":"(anonymous_1)","decl":{"start":{"line":55,"column":39},"end":{"line":55,"column":40}},"loc":{"start":{"line":55,"column":91},"end":{"line":57,"column":1}}},"2":{"name":"(anonymous_2)","decl":{"start":{"line":60,"column":35},"end":{"line":60,"column":36}},"loc":{"start":{"line":60,"column":87},"end":{"line":62,"column":1}}},"3":{"name":"(anonymous_3)","decl":{"start":{"line":74,"column":2},"end":{"line":74,"column":3}},"loc":{"start":{"line":74,"column":54},"end":{"line":76,"column":3}}},"4":{"name":"(anonymous_4)","decl":{"start":{"line":84,"column":2},"end":{"line":84,"column":3}},"loc":{"start":{"line":84,"column":54},"end":{"line":86,"column":3}}}},"branchMap":{},"s":{"0":3,"1":3,"2":3,"3":3,"4":3,"5":3,"6":3,"7":3,"8":3,"9":3,"10":3,"11":3,"12":3,"13":2,"14":3,"15":3,"16":3,"17":0,"18":3,"19":3,"20":3,"21":3,"22":0,"23":3,"24":0,"25":3},"f":{"0":2,"1":3,"2":0,"3":0,"4":0},"b":{}}
,"/Users/idrisfabiyi/Documents/FabMacDev/ATTIY/backend/src/routes/embed.ts": {"path":"/Users/idrisfabiyi/Documents/FabMacDev/ATTIY/backend/src/routes/embed.ts","statementMap":{"0":{"start":{"line":1,"column":0},"end":{"line":1,"column":33}},"1":{"start":{"line":2,"column":0},"end":{"line":2,"column":24}},"2":{"start":{"line":3,"column":0},"end":{"line":3,"column":31}},"3":{"start":{"line":4,"column":0},"end":{"line":4,"column":56}},"4":{"start":{"line":5,"column":0},"end":{"line":5,"column":73}},"5":{"start":{"line":6,"column":0},"end":{"line":6,"column":57}},"6":{"start":{"line":7,"column":0},"end":{"line":7,"column":43}},"7":{"start":{"line":9,"column":15},"end":{"line":9,"column":23}},"8":{"start":{"line":12,"column":0},"end":{"line":70,"column":2}},"9":{"start":{"line":23,"column":4},"end":{"line":68,"column":5}},"10":{"start":{"line":24,"column":25},"end":{"line":24,"column":35}},"11":{"start":{"line":25,"column":24},"end":{"line":25,"column":32}},"12":{"start":{"line":26,"column":21},"end":{"line":26,"column":33}},"13":{"start":{"line":29,"column":6},"end":{"line":41,"column":7}},"14":{"start":{"line":30,"column":23},"end":{"line":36,"column":10}},"15":{"start":{"line":38,"column":8},"end":{"line":40,"column":9}},"16":{"start":{"line":39,"column":10},"end":{"line":39,"column":62}},"17":{"start":{"line":43,"column":20},"end":{"line":49,"column":8}},"18":{"start":{"line":52,"column":6},"end":{"line":63,"column":9}},"19":{"start":{"line":65,"column":6},"end":{"line":65,"column":34}},"20":{"start":{"line":67,"column":6},"end":{"line":67,"column":18}},"21":{"start":{"line":73,"column":0},"end":{"line":96,"column":2}},"22":{"start":{"line":83,"column":4},"end":{"line":94,"column":5}},"23":{"start":{"line":84,"column":25},"end":{"line":84,"column":35}},"24":{"start":{"line":86,"column":21},"end":{"line":89,"column":8}},"25":{"start":{"line":91,"column":6},"end":{"line":91,"column":23}},"26":{"start":{"line":93,"column":6},"end":{"line":93,"column":18}},"27":{"start":{"line":99,"column":0},"end":{"line":129,"column":2}},"28":{"start":{"line":110,"column":4},"end":{"line":127,"column":5}},"29":{"start":{"line":111,"column":34},"end":{"line":111,"column":44}},"30":{"start":{"line":113,"column":20},"end":{"line":118,"column":8}},"31":{"start":{"line":120,"column":6},"end":{"line":122,"column":7}},"32":{"start":{"line":121,"column":8},"end":{"line":121,"column":65}},"33":{"start":{"line":124,"column":6},"end":{"line":124,"column":22}},"34":{"start":{"line":126,"column":6},"end":{"line":126,"column":18}},"35":{"start":{"line":131,"column":0},"end":{"line":131,"column":22}}},"fnMap":{"0":{"name":"(anonymous_0)","decl":{"start":{"line":22,"column":2},"end":{"line":22,"column":7}},"loc":{"start":{"line":22,"column":27},"end":{"line":69,"column":3}}},"1":{"name":"(anonymous_1)","decl":{"start":{"line":82,"column":2},"end":{"line":82,"column":7}},"loc":{"start":{"line":82,"column":27},"end":{"line":95,"column":3}}},"2":{"name":"(anonymous_2)","decl":{"start":{"line":109,"column":2},"end":{"line":109,"column":7}},"loc":{"start":{"line":109,"column":27},"end":{"line":128,"column":3}}}},"branchMap":{"0":{"loc":{"start":{"line":29,"column":6},"end":{"line":41,"column":7}},"type":"if","locations":[{"start":{"line":29,"column":6},"end":{"line":41,"column":7}}]},"1":{"loc":{"start":{"line":38,"column":8},"end":{"line":40,"column":9}},"type":"if","locations":[{"start":{"line":38,"column":8},"end":{"line":40,"column":9}}]},"2":{"loc":{"start":{"line":120,"column":6},"end":{"line":122,"column":7}},"type":"if","locations":[{"start":{"line":120,"column":6},"end":{"line":122,"column":7}}]}},"s":{"0":3,"1":3,"2":3,"3":3,"4":3,"5":3,"6":3,"7":3,"8":3,"9":0,"10":0,"11":0,"12":0,"13":0,"14":0,"15":0,"16":0,"17":0,"18":0,"19":0,"20":0,"21":3,"22":0,"23":0,"24":0,"25":0,"26":0,"27":3,"28":0,"29":0,"30":0,"31":0,"32":0,"33":0,"34":0,"35":3},"f":{"0":0,"1":0,"2":0},"b":{"0":[0],"1":[0],"2":[0]}}
,"/Users/idrisfabiyi/Documents/FabMacDev/ATTIY/backend/src/routes/team.ts": {"path":"/Users/idrisfabiyi/Documents/FabMacDev/ATTIY/backend/src/routes/team.ts","statementMap":{"0":{"start":{"line":1,"column":0},"end":{"line":1,"column":57}},"1":{"start":{"line":2,"column":0},"end":{"line":2,"column":41}},"2":{"start":{"line":3,"column":0},"end":{"line":3,"column":73}},"3":{"start":{"line":4,"column":0},"end":{"line":4,"column":64}},"4":{"start":{"line":6,"column":0},"end":{"line":6,"column":31}},"5":{"start":{"line":7,"column":0},"end":{"line":7,"column":43}},"6":{"start":{"line":9,"column":0},"end":{"line":9,"column":37}},"7":{"start":{"line":11,"column":15},"end":{"line":11,"column":23}},"8":{"start":{"line":14,"column":22},"end":{"line":16,"column":1}},"9":{"start":{"line":15,"column":2},"end":{"line":15,"column":41}},"10":{"start":{"line":19,"column":29},"end":{"line":22,"column":2}},"11":{"start":{"line":24,"column":29},"end":{"line":27,"column":2}},"12":{"start":{"line":29,"column":35},"end":{"line":33,"column":2}},"13":{"start":{"line":35,"column":35},"end":{"line":38,"column":2}},"14":{"start":{"line":41,"column":0},"end":{"line":84,"column":2}},"15":{"start":{"line":46,"column":4},"end":{"line":82,"column":5}},"16":{"start":{"line":47,"column":23},"end":{"line":47,"column":31}},"17":{"start":{"line":48,"column":21},"end":{"line":48,"column":33}},"18":{"start":{"line":50,"column":6},"end":{"line":52,"column":7}},"19":{"start":{"line":51,"column":8},"end":{"line":51,"column":50}},"20":{"start":{"line":54,"column":19},"end":{"line":77,"column":8}},"21":{"start":{"line":79,"column":6},"end":{"line":79,"column":33}},"22":{"start":{"line":81,"column":6},"end":{"line":81,"column":18}},"23":{"start":{"line":87,"column":0},"end":{"line":126,"column":2}},"24":{"start":{"line":91,"column":4},"end":{"line":124,"column":5}},"25":{"start":{"line":92,"column":21},"end":{"line":92,"column":33}},"26":{"start":{"line":94,"column":6},"end":{"line":96,"column":7}},"27":{"start":{"line":95,"column":8},"end":{"line":95,"column":50}},"28":{"start":{"line":98,"column":20},"end":{"line":119,"column":8}},"29":{"start":{"line":121,"column":6},"end":{"line":121,"column":22}},"30":{"start":{"line":123,"column":6},"end":{"line":123,"column":18}},"31":{"start":{"line":129,"column":0},"end":{"line":163,"column":2}},"32":{"start":{"line":134,"column":4},"end":{"line":161,"column":5}},"33":{"start":{"line":135,"column":21},"end":{"line":135,"column":31}},"34":{"start":{"line":137,"column":19},"end":{"line":152,"column":8}},"35":{"start":{"line":154,"column":6},"end":{"line":156,"column":7}},"36":{"start":{"line":155,"column":8},"end":{"line":155,"column":50}},"37":{"start":{"line":158,"column":6},"end":{"line":158,"column":21}},"38":{"start":{"line":160,"column":6},"end":{"line":160,"column":18}},"39":{"start":{"line":166,"column":0},"end":{"line":212,"column":2}},"40":{"start":{"line":172,"column":4},"end":{"line":210,"column":5}},"41":{"start":{"line":173,"column":21},"end":{"line":173,"column":31}},"42":{"start":{"line":174,"column":23},"end":{"line":174,"column":31}},"43":{"start":{"line":177,"column":21},"end":{"line":183,"column":8}},"44":{"start":{"line":185,"column":6},"end":{"line":187,"column":7}},"45":{"start":{"line":186,"column":8},"end":{"line":186,"column":76}},"46":{"start":{"line":189,"column":19},"end":{"line":205,"column":8}},"47":{"start":{"line":207,"column":6},"end":{"line":207,"column":21}},"48":{"start":{"line":209,"column":6},"end":{"line":209,"column":18}},"49":{"start":{"line":215,"column":0},"end":{"line":245,"column":2}},"50":{"start":{"line":220,"column":4},"end":{"line":243,"column":5}},"51":{"start":{"line":221,"column":21},"end":{"line":221,"column":31}},"52":{"start":{"line":224,"column":21},"end":{"line":230,"column":8}},"53":{"start":{"line":232,"column":6},"end":{"line":234,"column":7}},"54":{"start":{"line":233,"column":8},"end":{"line":233,"column":72}},"55":{"start":{"line":236,"column":6},"end":{"line":238,"column":9}},"56":{"start":{"line":240,"column":6},"end":{"line":240,"column":29}},"57":{"start":{"line":242,"column":6},"end":{"line":242,"column":18}},"58":{"start":{"line":248,"column":0},"end":{"line":318,"column":2}},"59":{"start":{"line":254,"column":4},"end":{"line":316,"column":5}},"60":{"start":{"line":255,"column":21},"end":{"line":255,"column":31}},"61":{"start":{"line":256,"column":30},"end":{"line":256,"column":38}},"62":{"start":{"line":257,"column":21},"end":{"line":257,"column":33}},"63":{"start":{"line":259,"column":6},"end":{"line":261,"column":7}},"64":{"start":{"line":260,"column":8},"end":{"line":260,"column":50}},"65":{"start":{"line":264,"column":25},"end":{"line":270,"column":8}},"66":{"start":{"line":272,"column":6},"end":{"line":274,"column":7}},"67":{"start":{"line":273,"column":8},"end":{"line":273,"column":71}},"68":{"start":{"line":277,"column":19},"end":{"line":286,"column":8}},"69":{"start":{"line":288,"column":6},"end":{"line":290,"column":7}},"70":{"start":{"line":289,"column":8},"end":{"line":289,"column":50}},"71":{"start":{"line":293,"column":29},"end":{"line":294,"column":null}},"72":{"start":{"line":294,"column":20},"end":{"line":294,"column":47}},"73":{"start":{"line":297,"column":6},"end":{"line":299,"column":7}},"74":{"start":{"line":298,"column":8},"end":{"line":298,"column":73}},"75":{"start":{"line":302,"column":25},"end":{"line":311,"column":8}},"76":{"start":{"line":313,"column":6},"end":{"line":313,"column":39}},"77":{"start":{"line":315,"column":6},"end":{"line":315,"column":18}},"78":{"start":{"line":321,"column":0},"end":{"line":375,"column":2}},"79":{"start":{"line":326,"column":4},"end":{"line":373,"column":5}},"80":{"start":{"line":327,"column":21},"end":{"line":327,"column":31}},"81":{"start":{"line":328,"column":24},"end":{"line":328,"column":32}},"82":{"start":{"line":329,"column":21},"end":{"line":329,"column":33}},"83":{"start":{"line":331,"column":6},"end":{"line":333,"column":7}},"84":{"start":{"line":332,"column":8},"end":{"line":332,"column":50}},"85":{"start":{"line":336,"column":25},"end":{"line":345,"column":8}},"86":{"start":{"line":347,"column":6},"end":{"line":349,"column":7}},"87":{"start":{"line":348,"column":8},"end":{"line":348,"column":65}},"88":{"start":{"line":352,"column":21},"end":{"line":362,"column":8}},"89":{"start":{"line":365,"column":6},"end":{"line":368,"column":9}},"90":{"start":{"line":370,"column":6},"end":{"line":370,"column":23}},"91":{"start":{"line":372,"column":6},"end":{"line":372,"column":18}},"92":{"start":{"line":377,"column":0},"end":{"line":377,"column":22}}},"fnMap":{"0":{"name":"(anonymous_0)","decl":{"start":{"line":14,"column":22},"end":{"line":14,"column":33}},"loc":{"start":{"line":14,"column":35},"end":{"line":16,"column":1}}},"1":{"name":"(anonymous_1)","decl":{"start":{"line":45,"column":2},"end":{"line":45,"column":7}},"loc":{"start":{"line":45,"column":73},"end":{"line":83,"column":3}}},"2":{"name":"(anonymous_2)","decl":{"start":{"line":90,"column":2},"end":{"line":90,"column":7}},"loc":{"start":{"line":90,"column":73},"end":{"line":125,"column":3}}},"3":{"name":"(anonymous_3)","decl":{"start":{"line":133,"column":2},"end":{"line":133,"column":7}},"loc":{"start":{"line":133,"column":73},"end":{"line":162,"column":3}}},"4":{"name":"(anonymous_4)","decl":{"start":{"line":171,"column":2},"end":{"line":171,"column":7}},"loc":{"start":{"line":171,"column":73},"end":{"line":211,"column":3}}},"5":{"name":"(anonymous_5)","decl":{"start":{"line":219,"column":2},"end":{"line":219,"column":7}},"loc":{"start":{"line":219,"column":73},"end":{"line":244,"column":3}}},"6":{"name":"(anonymous_6)","decl":{"start":{"line":253,"column":2},"end":{"line":253,"column":7}},"loc":{"start":{"line":253,"column":73},"end":{"line":317,"column":3}}},"7":{"name":"(anonymous_7)","decl":{"start":{"line":294,"column":8},"end":{"line":294,"column":9}},"loc":{"start":{"line":294,"column":20},"end":{"line":294,"column":47}}},"8":{"name":"(anonymous_8)","decl":{"start":{"line":325,"column":2},"end":{"line":325,"column":7}},"loc":{"start":{"line":325,"column":73},"end":{"line":374,"column":3}}}},"branchMap":{"0":{"loc":{"start":{"line":50,"column":6},"end":{"line":52,"column":7}},"type":"if","locations":[{"start":{"line":50,"column":6},"end":{"line":52,"column":7}}]},"1":{"loc":{"start":{"line":94,"column":6},"end":{"line":96,"column":7}},"type":"if","locations":[{"start":{"line":94,"column":6},"end":{"line":96,"column":7}}]},"2":{"loc":{"start":{"line":154,"column":6},"end":{"line":156,"column":7}},"type":"if","locations":[{"start":{"line":154,"column":6},"end":{"line":156,"column":7}}]},"3":{"loc":{"start":{"line":185,"column":6},"end":{"line":187,"column":7}},"type":"if","locations":[{"start":{"line":185,"column":6},"end":{"line":187,"column":7}}]},"4":{"loc":{"start":{"line":232,"column":6},"end":{"line":234,"column":7}},"type":"if","locations":[{"start":{"line":232,"column":6},"end":{"line":234,"column":7}}]},"5":{"loc":{"start":{"line":259,"column":6},"end":{"line":261,"column":7}},"type":"if","locations":[{"start":{"line":259,"column":6},"end":{"line":261,"column":7}}]},"6":{"loc":{"start":{"line":272,"column":6},"end":{"line":274,"column":7}},"type":"if","locations":[{"start":{"line":272,"column":6},"end":{"line":274,"column":7}}]},"7":{"loc":{"start":{"line":288,"column":6},"end":{"line":290,"column":7}},"type":"if","locations":[{"start":{"line":288,"column":6},"end":{"line":290,"column":7}}]},"8":{"loc":{"start":{"line":297,"column":6},"end":{"line":299,"column":7}},"type":"if","locations":[{"start":{"line":297,"column":6},"end":{"line":299,"column":7}}]},"9":{"loc":{"start":{"line":331,"column":6},"end":{"line":333,"column":7}},"type":"if","locations":[{"start":{"line":331,"column":6},"end":{"line":333,"column":7}}]},"10":{"loc":{"start":{"line":347,"column":6},"end":{"line":349,"column":7}},"type":"if","locations":[{"start":{"line":347,"column":6},"end":{"line":349,"column":7}}]}},"s":{"0":3,"1":3,"2":3,"3":3,"4":3,"5":3,"6":3,"7":3,"8":3,"9":4,"10":3,"11":3,"12":3,"13":3,"14":3,"15":16,"16":16,"17":16,"18":16,"19":0,"20":16,"21":16,"22":0,"23":3,"24":2,"25":2,"26":2,"27":0,"28":2,"29":2,"30":0,"31":3,"32":1,"33":1,"34":1,"35":1,"36":0,"37":1,"38":0,"39":3,"40":2,"41":2,"42":2,"43":2,"44":2,"45":1,"46":1,"47":1,"48":1,"49":3,"50":2,"51":2,"52":2,"53":2,"54":1,"55":1,"56":1,"57":1,"58":3,"59":6,"60":6,"61":6,"62":6,"63":6,"64":0,"65":6,"66":6,"67":1,"68":5,"69":5,"70":0,"71":5,"72":6,"73":5,"74":1,"75":4,"76":4,"77":2,"78":3,"79":4,"80":4,"81":4,"82":4,"83":4,"84":0,"85":4,"86":4,"87":2,"88":2,"89":2,"90":2,"91":2,"92":3},"f":{"0":4,"1":16,"2":2,"3":1,"4":2,"5":2,"6":6,"7":6,"8":4},"b":{"0":[0],"1":[0],"2":[0],"3":[1],"4":[1],"5":[0],"6":[1],"7":[0],"8":[1],"9":[0],"10":[2]}}
,"/Users/idrisfabiyi/Documents/FabMacDev/ATTIY/backend/src/routes/user.ts": {"path":"/Users/idrisfabiyi/Documents/FabMacDev/ATTIY/backend/src/routes/user.ts","statementMap":{"0":{"start":{"line":1,"column":0},"end":{"line":1,"column":33}},"1":{"start":{"line":2,"column":0},"end":{"line":2,"column":41}},"2":{"start":{"line":3,"column":0},"end":{"line":3,"column":64}},"3":{"start":{"line":4,"column":0},"end":{"line":4,"column":53}},"4":{"start":{"line":5,"column":0},"end":{"line":5,"column":64}},"5":{"start":{"line":7,"column":15},"end":{"line":7,"column":23}},"6":{"start":{"line":10,"column":32},"end":{"line":14,"column":2}},"7":{"start":{"line":17,"column":0},"end":{"line":17,"column":67}},"8":{"start":{"line":20,"column":0},"end":{"line":25,"column":2}},"9":{"start":{"line":27,"column":0},"end":{"line":27,"column":22}}},"fnMap":{},"branchMap":{},"s":{"0":3,"1":3,"2":3,"3":3,"4":3,"5":3,"6":3,"7":3,"8":3,"9":3},"f":{},"b":{}}
,"/Users/idrisfabiyi/Documents/FabMacDev/ATTIY/backend/src/tests/helpers.ts": {"path":"/Users/idrisfabiyi/Documents/FabMacDev/ATTIY/backend/src/tests/helpers.ts","statementMap":{"0":{"start":{"line":1,"column":0},"end":{"line":1,"column":32}},"1":{"start":{"line":2,"column":0},"end":{"line":2,"column":28}},"2":{"start":{"line":3,"column":0},"end":{"line":3,"column":31}},"3":{"start":{"line":5,"column":30},"end":{"line":24,"column":1}},"4":{"start":{"line":6,"column":25},"end":{"line":6,"column":61}},"5":{"start":{"line":7,"column":15},"end":{"line":14,"column":4}},"6":{"start":{"line":16,"column":20},"end":{"line":16,"column":59}},"7":{"start":{"line":17,"column":16},"end":{"line":20,"column":null}},"8":{"start":{"line":23,"column":2},"end":{"line":23,"column":25}},"9":{"start":{"line":5,"column":13},"end":{"line":5,"column":30}},"10":{"start":{"line":26,"column":29},"end":{"line":48,"column":1}},"11":{"start":{"line":27,"column":15},"end":{"line":29,"column":4}},"12":{"start":{"line":31,"column":2},"end":{"line":33,"column":3}},"13":{"start":{"line":32,"column":4},"end":{"line":32,"column":38}},"14":{"start":{"line":35,"column":26},"end":{"line":35,"column":71}},"15":{"start":{"line":36,"column":2},"end":{"line":38,"column":3}},"16":{"start":{"line":37,"column":4},"end":{"line":37,"column":40}},"17":{"start":{"line":40,"column":20},"end":{"line":40,"column":59}},"18":{"start":{"line":41,"column":16},"end":{"line":44,"column":null}},"19":{"start":{"line":47,"column":2},"end":{"line":47,"column":25}},"20":{"start":{"line":26,"column":13},"end":{"line":26,"column":29}},"21":{"start":{"line":50,"column":32},"end":{"line":52,"column":2}},"22":{"start":{"line":50,"column":52},"end":{"line":52,"column":2}},"23":{"start":{"line":50,"column":13},"end":{"line":50,"column":32}}},"fnMap":{"0":{"name":"(anonymous_1)","decl":{"start":{"line":5,"column":30},"end":{"line":5,"column":35}},"loc":{"start":{"line":5,"column":75},"end":{"line":24,"column":1}}},"1":{"name":"(anonymous_2)","decl":{"start":{"line":26,"column":29},"end":{"line":26,"column":34}},"loc":{"start":{"line":26,"column":87},"end":{"line":48,"column":1}}},"2":{"name":"(anonymous_3)","decl":{"start":{"line":50,"column":32},"end":{"line":50,"column":33}},"loc":{"start":{"line":50,"column":52},"end":{"line":52,"column":2}}}},"branchMap":{"0":{"loc":{"start":{"line":5,"column":37},"end":{"line":5,"column":71}},"type":"default-arg","locations":[{"start":{"line":5,"column":53},"end":{"line":5,"column":71}}]},"1":{"loc":{"start":{"line":16,"column":20},"end":{"line":16,"column":59}},"type":"binary-expr","locations":[{"start":{"line":16,"column":20},"end":{"line":16,"column":42}},{"start":{"line":16,"column":46},"end":{"line":16,"column":59}}]},"2":{"loc":{"start":{"line":26,"column":51},"end":{"line":26,"column":83}},"type":"default-arg","locations":[{"start":{"line":26,"column":70},"end":{"line":26,"column":83}}]},"3":{"loc":{"start":{"line":31,"column":2},"end":{"line":33,"column":3}},"type":"if","locations":[{"start":{"line":31,"column":2},"end":{"line":33,"column":3}}]},"4":{"loc":{"start":{"line":36,"column":2},"end":{"line":38,"column":3}},"type":"if","locations":[{"start":{"line":36,"column":2},"end":{"line":38,"column":3}}]},"5":{"loc":{"start":{"line":40,"column":20},"end":{"line":40,"column":59}},"type":"binary-expr","locations":[{"start":{"line":40,"column":20},"end":{"line":40,"column":42}},{"start":{"line":40,"column":46},"end":{"line":40,"column":59}}]}},"s":{"0":1,"1":1,"2":1,"3":1,"4":25,"5":25,"6":25,"7":25,"8":25,"9":1,"10":1,"11":0,"12":0,"13":0,"14":0,"15":0,"16":0,"17":0,"18":0,"19":0,"20":1,"21":1,"22":0,"23":1},"f":{"0":25,"1":0,"2":0},"b":{"0":[16],"1":[25,0],"2":[0],"3":[0],"4":[0],"5":[0,0]}}
,"/Users/idrisfabiyi/Documents/FabMacDev/ATTIY/backend/src/types/embed.ts": {"path":"/Users/idrisfabiyi/Documents/FabMacDev/ATTIY/backend/src/types/embed.ts","statementMap":{"0":{"start":{"line":1,"column":0},"end":{"line":1,"column":24}},"1":{"start":{"line":3,"column":13},"end":{"line":3,"column":68}},"2":{"start":{"line":6,"column":13},"end":{"line":6,"column":75}},"3":{"start":{"line":9,"column":13},"end":{"line":27,"column":3}},"4":{"start":{"line":31,"column":13},"end":{"line":36,"column":3}}},"fnMap":{},"branchMap":{},"s":{"0":3,"1":3,"2":3,"3":3,"4":3},"f":{},"b":{}}
,"/Users/idrisfabiyi/Documents/FabMacDev/ATTIY/backend/src/utils/email.ts": {"path":"/Users/idrisfabiyi/Documents/FabMacDev/ATTIY/backend/src/utils/email.ts","statementMap":{"0":{"start":{"line":1,"column":0},"end":{"line":1,"column":36}},"1":{"start":{"line":10,"column":25},"end":{"line":34,"column":1}},"2":{"start":{"line":12,"column":2},"end":{"line":15,"column":3}},"3":{"start":{"line":13,"column":4},"end":{"line":13,"column":75}},"4":{"start":{"line":14,"column":4},"end":{"line":14,"column":11}},"5":{"start":{"line":17,"column":22},"end":{"line":25,"column":4}},"6":{"start":{"line":27,"column":2},"end":{"line":33,"column":5}},"7":{"start":{"line":10,"column":13},"end":{"line":10,"column":25}}},"fnMap":{"0":{"name":"(anonymous_1)","decl":{"start":{"line":10,"column":25},"end":{"line":10,"column":30}},"loc":{"start":{"line":10,"column":72},"end":{"line":34,"column":1}}}},"branchMap":{"0":{"loc":{"start":{"line":12,"column":2},"end":{"line":15,"column":3}},"type":"if","locations":[{"start":{"line":12,"column":2},"end":{"line":15,"column":3}}]},"1":{"loc":{"start":{"line":19,"column":19},"end":{"line":19,"column":49}},"type":"binary-expr","locations":[{"start":{"line":19,"column":19},"end":{"line":19,"column":40}},{"start":{"line":19,"column":44},"end":{"line":19,"column":49}}]}},"s":{"0":3,"1":3,"2":1,"3":1,"4":1,"5":0,"6":0,"7":3},"f":{"0":1},"b":{"0":[1],"1":[0,0]}}
,"/Users/idrisfabiyi/Documents/FabMacDev/ATTIY/backend/src/utils/encryption.ts": {"path":"/Users/idrisfabiyi/Documents/FabMacDev/ATTIY/backend/src/utils/encryption.ts","statementMap":{"0":{"start":{"line":6,"column":0},"end":{"line":6,"column":16}},"1":{"start":{"line":14,"column":0},"end":{"line":14,"column":16}},"2":{"start":{"line":1,"column":0},"end":{"line":1,"column":28}},"3":{"start":{"line":3,"column":23},"end":{"line":3,"column":98}},"4":{"start":{"line":4,"column":18},"end":{"line":4,"column":31}},"5":{"start":{"line":7,"column":13},"end":{"line":7,"column":35}},"6":{"start":{"line":8,"column":17},"end":{"line":8,"column":82}},"7":{"start":{"line":9,"column":18},"end":{"line":9,"column":37}},"8":{"start":{"line":10,"column":2},"end":{"line":10,"column":57}},"9":{"start":{"line":11,"column":2},"end":{"line":11,"column":62}},"10":{"start":{"line":15,"column":32},"end":{"line":15,"column":47}},"11":{"start":{"line":16,"column":13},"end":{"line":16,"column":38}},"12":{"start":{"line":17,"column":20},"end":{"line":17,"column":52}},"13":{"start":{"line":18,"column":19},"end":{"line":18,"column":86}},"14":{"start":{"line":19,"column":18},"end":{"line":19,"column":44}},"15":{"start":{"line":20,"column":2},"end":{"line":20,"column":59}},"16":{"start":{"line":21,"column":2},"end":{"line":21,"column":30}}},"fnMap":{"0":{"name":"encryptApiKey","decl":{"start":{"line":6,"column":16},"end":{"line":6,"column":29}},"loc":{"start":{"line":6,"column":42},"end":{"line":12,"column":1}}},"1":{"name":"decryptApiKey","decl":{"start":{"line":14,"column":16},"end":{"line":14,"column":29}},"loc":{"start":{"line":14,"column":42},"end":{"line":22,"column":1}}}},"branchMap":{"0":{"loc":{"start":{"line":3,"column":23},"end":{"line":3,"column":98}},"type":"binary-expr","locations":[{"start":{"line":3,"column":23},"end":{"line":3,"column":49}},{"start":{"line":3,"column":53},"end":{"line":3,"column":98}}]}},"s":{"0":3,"1":3,"2":3,"3":3,"4":3,"5":0,"6":0,"7":0,"8":0,"9":0,"10":0,"11":0,"12":0,"13":0,"14":0,"15":0,"16":0},"f":{"0":0,"1":0},"b":{"0":[3,0]}}
,"/Users/idrisfabiyi/Documents/FabMacDev/ATTIY/backend/src/utils/errors.ts": {"path":"/Users/idrisfabiyi/Documents/FabMacDev/ATTIY/backend/src/utils/errors.ts","statementMap":{"0":{"start":{"line":8,"column":4},"end":{"line":8,"column":19}},"1":{"start":{"line":9,"column":4},"end":{"line":9,"column":33}},"2":{"start":{"line":10,"column":4},"end":{"line":10,"column":69}},"3":{"start":{"line":11,"column":4},"end":{"line":11,"column":30}},"4":{"start":{"line":12,"column":4},"end":{"line":12,"column":21}},"5":{"start":{"line":14,"column":4},"end":{"line":14,"column":52}},"6":{"start":{"line":1,"column":0},"end":{"line":1,"column":13}}},"fnMap":{"0":{"name":"(anonymous_0)","decl":{"start":{"line":7,"column":2},"end":{"line":7,"column":14}},"loc":{"start":{"line":7,"column":61},"end":{"line":15,"column":3}}}},"branchMap":{"0":{"loc":{"start":{"line":10,"column":18},"end":{"line":10,"column":68}},"type":"cond-expr","locations":[{"start":{"line":10,"column":52},"end":{"line":10,"column":58}},{"start":{"line":10,"column":61},"end":{"line":10,"column":68}}]}},"s":{"0":19,"1":19,"2":19,"3":19,"4":19,"5":19,"6":3},"f":{"0":19},"b":{"0":[19,0]}}
,"/Users/idrisfabiyi/Documents/FabMacDev/ATTIY/backend/src/utils/validateEnv.ts": {"path":"/Users/idrisfabiyi/Documents/FabMacDev/ATTIY/backend/src/utils/validateEnv.ts","statementMap":{"0":{"start":{"line":1,"column":0},"end":{"line":1,"column":57}},"1":{"start":{"line":2,"column":0},"end":{"line":2,"column":32}},"2":{"start":{"line":5,"column":0},"end":{"line":5,"column":9}},"3":{"start":{"line":7,"column":27},"end":{"line":31,"column":1}},"4":{"start":{"line":8,"column":2},"end":{"line":30,"column":5}},"5":{"start":{"line":7,"column":13},"end":{"line":7,"column":27}}},"fnMap":{"0":{"name":"(anonymous_0)","decl":{"start":{"line":7,"column":27},"end":{"line":7,"column":30}},"loc":{"start":{"line":7,"column":32},"end":{"line":31,"column":1}}}},"branchMap":{},"s":{"0":3,"1":3,"2":3,"3":3,"4":3,"5":3},"f":{"0":3},"b":{}}
}
