TN:
SF:src/app.ts
FN:39,(anonymous_1)
FNF:1
FNH:0
FNDA:0,(anonymous_1)
DA:1,3
DA:2,3
DA:3,3
DA:4,3
DA:5,3
DA:6,3
DA:7,3
DA:8,3
DA:9,3
DA:10,3
DA:11,3
DA:12,3
DA:13,3
DA:14,3
DA:15,3
DA:18,3
DA:21,3
DA:24,3
DA:27,3
DA:30,3
DA:31,3
DA:32,3
DA:33,3
DA:36,3
DA:39,3
DA:40,0
DA:44,3
DA:45,3
DA:46,3
DA:47,3
DA:48,3
DA:51,3
DA:53,3
LF:33
LH:32
BRDA:32,0,0,0
BRDA:32,0,1,3
BRF:2
BRH:1
end_of_record
TN:
SF:src/db.ts
FNF:0
FNH:0
DA:1,3
DA:2,3
DA:4,3
LF:3
LH:3
BRF:0
BRH:0
end_of_record
TN:
SF:src/swagger.ts
FNF:0
FNH:0
DA:1,3
DA:3,3
DA:35,3
LF:3
LH:3
BRDA:13,0,0,3
BRDA:13,0,1,0
BRF:2
BRH:1
end_of_record
TN:
SF:src/controllers/auth.controller.ts
FN:11,(anonymous_1)
FN:39,(anonymous_2)
FN:80,(anonymous_3)
FN:110,(anonymous_4)
FN:146,(anonymous_5)
FN:178,(anonymous_6)
FN:207,(anonymous_7)
FN:228,(anonymous_8)
FNF:8
FNH:3
FNDA:2,(anonymous_1)
FNDA:3,(anonymous_2)
FNDA:0,(anonymous_3)
FNDA:2,(anonymous_4)
FNDA:0,(anonymous_5)
FNDA:0,(anonymous_6)
FNDA:0,(anonymous_7)
FNDA:0,(anonymous_8)
DA:2,3
DA:3,3
DA:4,3
DA:5,3
DA:7,3
DA:8,3
DA:10,3
DA:12,2
DA:14,2
DA:18,2
DA:19,1
DA:22,1
DA:23,1
DA:36,1
DA:40,3
DA:42,3
DA:46,3
DA:47,1
DA:50,2
DA:51,2
DA:52,1
DA:55,1
DA:56,1
DA:57,0
DA:60,1
DA:64,1
DA:70,1
DA:81,0
DA:82,0
DA:84,0
DA:91,0
DA:92,0
DA:95,0
DA:104,0
DA:106,0
DA:111,2
DA:112,2
DA:114,2
DA:115,2
DA:117,1
DA:118,1
DA:121,1
DA:122,1
DA:124,1
DA:132,1
DA:133,1
DA:140,1
DA:142,0
DA:147,0
DA:148,0
DA:150,0
DA:157,0
DA:158,0
DA:161,0
DA:163,0
DA:172,0
DA:174,0
DA:179,0
DA:180,0
DA:183,0
DA:185,0
DA:189,0
DA:190,0
DA:193,0
DA:194,0
DA:195,0
DA:198,0
DA:199,0
DA:204,0
DA:208,0
DA:209,0
DA:212,0
DA:221,0
DA:222,0
DA:225,0
DA:229,0
DA:230,0
DA:233,0
DA:237,0
LF:79
LH:38
BRDA:18,0,0,1
BRDA:46,1,0,1
BRDA:51,2,0,1
BRDA:56,3,0,0
BRDA:61,4,0,1
BRDA:61,4,1,0
BRDA:91,5,0,0
BRDA:115,6,0,1
BRDA:157,7,0,0
BRDA:179,8,0,0
BRDA:189,9,0,0
BRDA:194,10,0,0
BRDA:208,11,0,0
BRDA:221,12,0,0
BRDA:229,13,0,0
BRF:15
BRH:5
end_of_record
TN:
SF:src/controllers/user.controller.ts
FN:7,(anonymous_0)
FN:45,(anonymous_1)
FNF:2
FNH:2
FNDA:1,(anonymous_0)
FNDA:3,(anonymous_1)
DA:2,3
DA:4,3
DA:6,3
DA:8,1
DA:9,1
DA:11,1
DA:35,1
DA:36,0
DA:39,1
DA:41,0
DA:46,3
DA:47,3
DA:48,3
DA:51,3
DA:52,2
DA:59,2
DA:60,1
DA:64,2
DA:82,2
DA:84,1
LF:20
LH:18
BRDA:35,0,0,0
BRDA:51,1,0,2
BRDA:59,2,0,1
BRDA:67,3,0,2
BRDA:67,3,1,1
BRDA:68,4,0,2
BRDA:68,4,1,1
BRDA:70,5,0,1
BRDA:70,5,1,1
BRF:9
BRH:8
end_of_record
TN:
SF:src/middleware/auth.ts
FN:7,(anonymous_1)
FN:47,(anonymous_2)
FNF:2
FNH:2
FNDA:43,(anonymous_1)
FNDA:12,(anonymous_2)
DA:2,3
DA:3,3
DA:4,3
DA:7,3
DA:12,43
DA:13,43
DA:14,43
DA:15,2
DA:18,41
DA:19,41
DA:20,41
DA:21,0
DA:24,41
DA:27,40
DA:32,40
DA:33,0
DA:36,40
DA:37,40
DA:39,3
DA:40,1
DA:42,2
DA:47,3
DA:52,12
DA:53,12
DA:54,12
DA:55,0
DA:58,12
DA:65,12
DA:66,1
DA:69,11
DA:71,1
LF:31
LH:28
BRDA:14,0,0,2
BRDA:20,1,0,0
BRDA:32,2,0,0
BRDA:39,3,0,1
BRDA:39,3,1,2
BRDA:54,4,0,0
BRDA:65,5,0,1
BRF:7
BRH:4
end_of_record
TN:
SF:src/middleware/errorHandler.ts
FN:4,(anonymous_0)
FNF:1
FNH:1
FNDA:19,(anonymous_0)
DA:2,3
DA:4,3
DA:10,19
DA:11,19
DA:16,19
DA:17,5
DA:20,19
DA:24,0
DA:26,0
LF:9
LH:7
BRDA:10,0,0,19
BRDA:13,1,0,19
BRDA:13,1,1,0
BRDA:16,2,0,5
BRF:4
BRH:3
end_of_record
TN:
SF:src/middleware/rateLimit.ts
FN:11,(anonymous_1)
FNF:1
FNH:0
FNDA:0,(anonymous_1)
DA:1,3
DA:2,3
DA:4,3
DA:12,0
LF:4
LH:3
BRDA:5,0,0,3
BRDA:5,0,1,0
BRDA:6,1,0,3
BRDA:6,1,1,0
BRF:4
BRH:2
end_of_record
TN:
SF:src/middleware/requestLogger.ts
FN:6,(anonymous_1)
FN:17,(anonymous_2)
FN:28,(anonymous_3)
FNF:3
FNH:0
FNDA:0,(anonymous_1)
FNDA:0,(anonymous_2)
FNDA:0,(anonymous_3)
DA:2,3
DA:3,3
DA:6,3
DA:7,0
DA:8,0
DA:9,0
DA:11,0
DA:12,0
DA:13,0
DA:17,3
DA:18,0
DA:19,0
DA:24,0
DA:28,3
DA:29,0
DA:40,3
LF:16
LH:6
BRDA:9,0,0,0
BRDA:9,0,1,0
BRDA:11,1,0,0
BRDA:12,2,0,0
BRDA:19,3,0,0
BRDA:19,3,1,0
BRDA:20,4,0,0
BRDA:20,4,1,0
BRDA:21,5,0,0
BRDA:21,5,1,0
BRDA:22,6,0,0
BRDA:22,6,1,0
BRF:12
BRH:0
end_of_record
TN:
SF:src/middleware/validateRequest.ts
FN:5,(anonymous_0)
FN:12,(anonymous_1)
FNF:2
FNH:2
FNDA:43,(anonymous_0)
FNDA:5,(anonymous_1)
DA:2,3
DA:3,3
DA:5,3
DA:10,43
DA:11,43
DA:12,5
DA:13,5
DA:15,38
LF:8
LH:8
BRDA:11,0,0,5
BRF:1
BRH:1
end_of_record
TN:
SF:src/middleware/validateZod.ts
FN:5,(anonymous_0)
FN:5,(anonymous_1)
FN:19,(anonymous_2)
FNF:3
FNH:1
FNDA:9,(anonymous_0)
FNDA:0,(anonymous_1)
FNDA:0,(anonymous_2)
DA:2,3
DA:3,3
DA:5,9
DA:10,0
DA:11,0
DA:16,0
DA:18,0
DA:19,0
DA:20,0
DA:22,0
LF:10
LH:3
BRDA:18,0,0,0
BRF:1
BRH:0
end_of_record
TN:
SF:src/middleware/validation.ts
FN:5,(anonymous_0)
FN:8,(anonymous_1)
FNF:2
FNH:0
FNDA:0,(anonymous_0)
FNDA:0,(anonymous_1)
DA:2,3
DA:3,3
DA:5,3
DA:6,0
DA:7,0
DA:8,0
DA:9,0
DA:11,0
LF:8
LH:3
BRDA:7,0,0,0
BRF:1
BRH:0
end_of_record
TN:
SF:src/routes/apiKey.ts
FN:23,(anonymous_0)
FN:63,(anonymous_1)
FN:84,(anonymous_2)
FN:113,(anonymous_3)
FNF:4
FNH:0
FNDA:0,(anonymous_0)
FNDA:0,(anonymous_1)
FNDA:0,(anonymous_2)
FNDA:0,(anonymous_3)
DA:1,3
DA:2,3
DA:3,3
DA:4,3
DA:5,3
DA:6,3
DA:7,3
DA:11,3
DA:14,3
DA:24,0
DA:25,0
DA:26,0
DA:29,0
DA:30,0
DA:33,0
DA:34,0
DA:38,0
DA:40,0
DA:55,0
DA:57,0
DA:63,3
DA:64,0
DA:65,0
DA:67,0
DA:77,0
DA:79,0
DA:84,3
DA:85,0
DA:86,0
DA:87,0
DA:89,0
DA:93,0
DA:94,0
DA:97,0
DA:101,0
DA:103,0
DA:108,3
DA:114,0
DA:115,0
DA:116,0
DA:117,0
DA:119,0
DA:123,0
DA:124,0
DA:127,0
DA:136,0
DA:137,0
DA:140,0
DA:151,0
DA:153,0
DA:158,3
LF:51
LH:13
BRDA:29,0,0,0
BRDA:33,1,0,0
BRDA:93,2,0,0
BRDA:123,3,0,0
BRDA:136,4,0,0
BRF:5
BRH:0
end_of_record
TN:
SF:src/routes/auth.ts
FN:51,(anonymous_0)
FN:55,(anonymous_1)
FN:60,(anonymous_2)
FN:74,(anonymous_3)
FN:84,(anonymous_4)
FNF:5
FNH:2
FNDA:2,(anonymous_0)
FNDA:3,(anonymous_1)
FNDA:0,(anonymous_2)
FNDA:0,(anonymous_3)
FNDA:0,(anonymous_4)
DA:1,3
DA:2,3
DA:3,3
DA:4,3
DA:5,3
DA:8,3
DA:11,3
DA:20,3
DA:26,3
DA:31,3
DA:37,3
DA:45,3
DA:51,3
DA:52,2
DA:55,3
DA:56,3
DA:60,3
DA:61,0
DA:65,3
DA:68,3
DA:69,3
DA:70,3
DA:75,0
DA:80,3
DA:85,0
DA:89,3
LF:26
LH:23
BRF:0
BRH:0
end_of_record
TN:
SF:src/routes/embed.ts
FN:22,(anonymous_0)
FN:82,(anonymous_1)
FN:109,(anonymous_2)
FNF:3
FNH:0
FNDA:0,(anonymous_0)
FNDA:0,(anonymous_1)
FNDA:0,(anonymous_2)
DA:1,3
DA:2,3
DA:3,3
DA:4,3
DA:5,3
DA:6,3
DA:7,3
DA:9,3
DA:12,3
DA:23,0
DA:24,0
DA:25,0
DA:26,0
DA:29,0
DA:30,0
DA:38,0
DA:39,0
DA:43,0
DA:52,0
DA:65,0
DA:67,0
DA:73,3
DA:83,0
DA:84,0
DA:86,0
DA:91,0
DA:93,0
DA:99,3
DA:110,0
DA:111,0
DA:113,0
DA:120,0
DA:121,0
DA:124,0
DA:126,0
DA:131,3
LF:36
LH:12
BRDA:29,0,0,0
BRDA:38,1,0,0
BRDA:120,2,0,0
BRF:3
BRH:0
end_of_record
TN:
SF:src/routes/team.ts
FN:14,(anonymous_0)
FN:45,(anonymous_1)
FN:90,(anonymous_2)
FN:133,(anonymous_3)
FN:171,(anonymous_4)
FN:219,(anonymous_5)
FN:253,(anonymous_6)
FN:294,(anonymous_7)
FN:325,(anonymous_8)
FNF:9
FNH:9
FNDA:4,(anonymous_0)
FNDA:16,(anonymous_1)
FNDA:2,(anonymous_2)
FNDA:1,(anonymous_3)
FNDA:2,(anonymous_4)
FNDA:2,(anonymous_5)
FNDA:6,(anonymous_6)
FNDA:6,(anonymous_7)
FNDA:4,(anonymous_8)
DA:1,3
DA:2,3
DA:3,3
DA:4,3
DA:6,3
DA:7,3
DA:9,3
DA:11,3
DA:14,3
DA:15,4
DA:19,3
DA:24,3
DA:29,3
DA:35,3
DA:41,3
DA:46,16
DA:47,16
DA:48,16
DA:50,16
DA:51,0
DA:54,16
DA:79,16
DA:81,0
DA:87,3
DA:91,2
DA:92,2
DA:94,2
DA:95,0
DA:98,2
DA:121,2
DA:123,0
DA:129,3
DA:134,1
DA:135,1
DA:137,1
DA:154,1
DA:155,0
DA:158,1
DA:160,0
DA:166,3
DA:172,2
DA:173,2
DA:174,2
DA:177,2
DA:185,2
DA:186,1
DA:189,1
DA:207,1
DA:209,1
DA:215,3
DA:220,2
DA:221,2
DA:224,2
DA:232,2
DA:233,1
DA:236,1
DA:240,1
DA:242,1
DA:248,3
DA:254,6
DA:255,6
DA:256,6
DA:257,6
DA:259,6
DA:260,0
DA:264,6
DA:272,6
DA:273,1
DA:277,5
DA:288,5
DA:289,0
DA:293,5
DA:294,6
DA:297,5
DA:298,1
DA:302,4
DA:313,4
DA:315,2
DA:321,3
DA:326,4
DA:327,4
DA:328,4
DA:329,4
DA:331,4
DA:332,0
DA:336,4
DA:347,4
DA:348,2
DA:352,2
DA:365,2
DA:370,2
DA:372,2
DA:377,3
LF:93
LH:84
BRDA:50,0,0,0
BRDA:94,1,0,0
BRDA:154,2,0,0
BRDA:185,3,0,1
BRDA:232,4,0,1
BRDA:259,5,0,0
BRDA:272,6,0,1
BRDA:288,7,0,0
BRDA:297,8,0,1
BRDA:331,9,0,0
BRDA:347,10,0,2
BRF:11
BRH:5
end_of_record
TN:
SF:src/routes/user.ts
FNF:0
FNH:0
DA:1,3
DA:2,3
DA:3,3
DA:4,3
DA:5,3
DA:7,3
DA:10,3
DA:17,3
DA:20,3
DA:27,3
LF:10
LH:10
BRF:0
BRH:0
end_of_record
TN:
SF:src/tests/helpers.ts
FN:5,(anonymous_1)
FN:26,(anonymous_2)
FN:50,(anonymous_3)
FNF:3
FNH:1
FNDA:25,(anonymous_1)
FNDA:0,(anonymous_2)
FNDA:0,(anonymous_3)
DA:1,1
DA:2,1
DA:3,1
DA:5,1
DA:6,25
DA:7,25
DA:16,25
DA:17,25
DA:23,25
DA:26,1
DA:27,0
DA:31,0
DA:32,0
DA:35,0
DA:36,0
DA:37,0
DA:40,0
DA:41,0
DA:47,0
DA:50,1
LF:20
LH:11
BRDA:5,0,0,16
BRDA:16,1,0,25
BRDA:16,1,1,0
BRDA:26,2,0,0
BRDA:31,3,0,0
BRDA:36,4,0,0
BRDA:40,5,0,0
BRDA:40,5,1,0
BRF:8
BRH:2
end_of_record
TN:
SF:src/types/embed.ts
FNF:0
FNH:0
DA:1,3
DA:3,3
DA:6,3
DA:9,3
DA:31,3
LF:5
LH:5
BRF:0
BRH:0
end_of_record
TN:
SF:src/utils/email.ts
FN:10,(anonymous_1)
FNF:1
FNH:1
FNDA:1,(anonymous_1)
DA:1,3
DA:10,3
DA:12,1
DA:13,1
DA:14,1
DA:17,0
DA:27,0
LF:7
LH:5
BRDA:12,0,0,1
BRDA:19,1,0,0
BRDA:19,1,1,0
BRF:3
BRH:1
end_of_record
TN:
SF:src/utils/encryption.ts
FN:6,encryptApiKey
FN:14,decryptApiKey
FNF:2
FNH:0
FNDA:0,encryptApiKey
FNDA:0,decryptApiKey
DA:1,3
DA:3,3
DA:4,3
DA:6,3
DA:7,0
DA:8,0
DA:9,0
DA:10,0
DA:11,0
DA:14,3
DA:15,0
DA:16,0
DA:17,0
DA:18,0
DA:19,0
DA:20,0
DA:21,0
LF:17
LH:5
BRDA:3,0,0,3
BRDA:3,0,1,0
BRF:2
BRH:1
end_of_record
TN:
SF:src/utils/errors.ts
FN:7,(anonymous_0)
FNF:1
FNH:1
FNDA:19,(anonymous_0)
DA:1,3
DA:8,19
DA:9,19
DA:10,19
DA:11,19
DA:12,19
DA:14,19
LF:7
LH:7
BRDA:10,0,0,19
BRDA:10,0,1,0
BRF:2
BRH:1
end_of_record
TN:
SF:src/utils/validateEnv.ts
FN:7,(anonymous_0)
FNF:1
FNH:1
FNDA:3,(anonymous_0)
DA:1,3
DA:2,3
DA:5,3
DA:7,3
DA:8,3
LF:5
LH:5
BRF:0
BRH:0
end_of_record
